[     147ms] [INFO] %cDownload the React DevTools for a better development experience: https://react.dev/link/react-devtools font-weight:bold @ http://localhost:3000/_next/static/chunks/0e4n_next_dist_0fykpjn._.js:2431
[     164ms] [LOG] [HMR] connected @ http://localhost:3000/_next/static/chunks/0e4n_next_dist_0fykpjn._.js:2431
[     226ms] TypeError: Cannot read properties of undefined (reading 'doc')
    at createDecorations (http://localhost:3000/_next/static/chunks/0e4n_04wman3._.js:21789:22)
    at Plugin.init (http://localhost:3000/_next/static/chunks/0e4n_04wman3._.js:21835:24)
    at EditorState.reconfigure (http://localhost:3000/_next/static/chunks/0e4n_04wman3._.js:8819:81)
    at Editor.createView (http://localhost:3000/_next/static/chunks/0e4n_%40tiptap_core_dist_0cw34ka._.js:5143:37)
    at Editor.mount (http://localhost:3000/_next/static/chunks/0e4n_%40tiptap_core_dist_0cw34ka._.js:4844:14)
    at new Editor (http://localhost:3000/_next/static/chunks/0e4n_%40tiptap_core_dist_0cw34ka._.js:4835:18)
    at _EditorInstanceManager.createEditor (http://localhost:3000/_next/static/chunks/0e4n_04wman3._.js:11313:24)
    at _EditorInstanceManager.refreshEditorInstance (http://localhost:3000/_next/static/chunks/0e4n_04wman3._.js:11409:29)
    at http://localhost:3000/_next/static/chunks/0e4n_04wman3._.js:11385:22
    at Object.react_stack_bottom_frame (http://localhost:3000/_next/static/chunks/0e4n_next_dist_compiled_react-dom_08ibudp._.js:15087:22)
    at runWithFiberInDEV (http://localhost:3000/_next/static/chunks/0e4n_next_dist_compiled_react-dom_08ibudp._.js:965:74)
    at commitHookEffectListMount (http://localhost:3000/_next/static/chunks/0e4n_next_dist_compiled_react-dom_08ibudp._.js:7255:167)
    at commitHookPassiveMountEffects (http://localhost:3000/_next/static/chunks/0e4n_next_dist_compiled_react-dom_08ibudp._.js:7290:60)
    at commitPassiveMountOnFiber (http://localhost:3000/_next/static/chunks/0e4n_next_dist_compiled_react-dom_08ibudp._.js:8689:33)
    at recursivelyTraversePassiveMountEffects (http://localhost:3000/_next/static/chunks/0e4n_next_dist_compiled_react-dom_08ibudp._.js:8676:316)
    at commitPassiveMountOnFiber (http://localhost:3000/_next/static/chunks/0e4n_next_dist_compiled_react-dom_08ibudp._.js:8750:17)
    at recursivelyTraversePassiveMountEffects (http://localhost:3000/_next/static/chunks/0e4n_next_dist_compiled_react-dom_08ibudp._.js:8676:316)
    at commitPassiveMountOnFiber (http://localhost:3000/_next/static/chunks/0e4n_next_dist_compiled_react-dom_08ibudp._.js:8750:17)
    at recursivelyTraversePassiveMountEffects (http://localhost:3000/_next/static/chunks/0e4n_next_dist_compiled_react-dom_08ibudp._.js:8676:316)
    at commitPassiveMountOnFiber (http://localhost:3000/_next/static/chunks/0e4n_next_dist_compiled_react-dom_08ibudp._.js:8688:17)
    at recursivelyTraversePassiveMountEffects (http://localhost:3000/_next/static/chunks/0e4n_next_dist_compiled_react-dom_08ibudp._.js:8676:316)
    at commitPassiveMountOnFiber (http://localhost:3000/_next/static/chunks/0e4n_next_dist_compiled_react-dom_08ibudp._.js:8688:17)
    at recursivelyTraversePassiveMountEffects (http://localhost:3000/_next/static/chunks/0e4n_next_dist_compiled_react-dom_08ibudp._.js:8676:316)
    at commitPassiveMountOnFiber (http://localhost:3000/_next/static/chunks/0e4n_next_dist_compiled_react-dom_08ibudp._.js:8688:17)
    at recursivelyTraversePassiveMountEffects (http://localhost:3000/_next/static/chunks/0e4n_next_dist_compiled_react-dom_08ibudp._.js:8676:316)
    at commitPassiveMountOnFiber (http://localhost:3000/_next/static/chunks/0e4n_next_dist_compiled_react-dom_08ibudp._.js:8750:17)
    at recursivelyTraversePassiveMountEffects (http://localhost:3000/_next/static/chunks/0e4n_next_dist_compiled_react-dom_08ibudp._.js:8676:316)
    at commitPassiveMountOnFiber (http://localhost:3000/_next/static/chunks/0e4n_next_dist_compiled_react-dom_08ibudp._.js:8750:17)
    at recursivelyTraversePassiveMountEffects (http://localhost:3000/_next/static/chunks/0e4n_next_dist_compiled_react-dom_08ibudp._.js:8676:316)
    at commitPassiveMountOnFiber (http://localhost:3000/_next/static/chunks/0e4n_next_dist_compiled_react-dom_08ibudp._.js:8688:17)
    at recursivelyTraversePassiveMountEffects (http://localhost:3000/_next/static/chunks/0e4n_next_dist_compiled_react-dom_08ibudp._.js:8676:316)
    at commitPassiveMountOnFiber (http://localhost:3000/_next/static/chunks/0e4n_next_dist_compiled_react-dom_08ibudp._.js:8693:17)
    at recursivelyTraversePassiveMountEffects (http://localhost:3000/_next/static/chunks/0e4n_next_dist_compiled_react-dom_08ibudp._.js:8676:316)
    at commitPassiveMountOnFiber (http://localhost:3000/_next/static/chunks/0e4n_next_dist_compiled_react-dom_08ibudp._.js:8688:17)
    at recursivelyTraversePassiveMountEffects (http://localhost:3000/_next/static/chunks/0e4n_next_dist_compiled_react-dom_08ibudp._.js:8676:316)
    at commitPassiveMountOnFiber (http://localhost:3000/_next/static/chunks/0e4n_next_dist_compiled_react-dom_08ibudp._.js:8688:17)
    at recursivelyTraversePassiveMountEffects (http://localhost:3000/_next/static/chunks/0e4n_next_dist_compiled_react-dom_08ibudp._.js:8676:316)
    at commitPassiveMountOnFiber (http://localhost:3000/_next/static/chunks/0e4n_next_dist_compiled_react-dom_08ibudp._.js:8688:17)
    at recursivelyTraversePassiveMountEffects (http://localhost:3000/_next/static/chunks/0e4n_next_dist_compiled_react-dom_08ibudp._.js:8676:316)
    at commitPassiveMountOnFiber (http://localhost:3000/_next/static/chunks/0e4n_next_dist_compiled_react-dom_08ibudp._.js:8688:17)
    at recursivelyTraversePassiveMountEffects (http://localhost:3000/_next/static/chunks/0e4n_next_dist_compiled_react-dom_08ibudp._.js:8676:316)
    at commitPassiveMountOnFiber (http://localhost:3000/_next/static/chunks/0e4n_next_dist_compiled_react-dom_08ibudp._.js:8693:17)
    at recursivelyTraversePassiveMountEffects (http://localhost:3000/_next/static/chunks/0e4n_next_dist_compiled_react-dom_08ibudp._.js:8676:316)
    at commitPassiveMountOnFiber (http://localhost:3000/_next/static/chunks/0e4n_next_dist_compiled_react-dom_08ibudp._.js:8688:17)
    at recursivelyTraversePassiveMountEffects (http://localhost:3000/_next/static/chunks/0e4n_next_dist_compiled_react-dom_08ibudp._.js:8676:316)
    at commitPassiveMountOnFiber (http://localhost:3000/_next/static/chunks/0e4n_next_dist_compiled_react-dom_08ibudp._.js:8688:17)
    at recursivelyTraversePassiveMountEffects (http://localhost:3000/_next/static/chunks/0e4n_next_dist_compiled_react-dom_08ibudp._.js:8676:316)
    at commitPassiveMountOnFiber (http://localhost:3000/_next/static/chunks/0e4n_next_dist_compiled_react-dom_08ibudp._.js:8750:17)
    at recursivelyTraversePassiveMountEffects (http://localhost:3000/_next/static/chunks/0e4n_next_dist_compiled_react-dom_08ibudp._.js:8676:316)
    at commitPassiveMountOnFiber (http://localhost:3000/_next/static/chunks/0e4n_next_dist_compiled_react-dom_08ibudp._.js:8750:17)
[   29874ms] [LOG] [Fast Refresh] rebuilding @ http://localhost:3000/_next/static/chunks/0e4n_next_dist_0fykpjn._.js:2431
[   29888ms] [WARNING] [Fast Refresh] performing full reload because your application had an unrecoverable error @ http://localhost:3000/_next/static/chunks/0e4n_next_dist_0fykpjn._.js:2431
[   29915ms] [LOG] [Fast Refresh] done in 105ms @ http://localhost:3000/_next/static/chunks/0e4n_next_dist_0fykpjn._.js:2431
[   30029ms] [LOG] [Fast Refresh] rebuilding @ http://localhost:3000/_next/static/chunks/0e4n_next_dist_0fykpjn._.js:2431
[   30040ms] [LOG] [Fast Refresh] done in 113ms @ http://localhost:3000/_next/static/chunks/0e4n_next_dist_0fykpjn._.js:2431
[   30149ms] [INFO] %cDownload the React DevTools for a better development experience: https://react.dev/link/react-devtools font-weight:bold @ http://localhost:3000/_next/static/chunks/0e4n_next_dist_0fykpjn._.js:2431
[   30170ms] [LOG] [HMR] connected @ http://localhost:3000/_next/static/chunks/0e4n_next_dist_0fykpjn._.js:2431
[   30266ms] ReferenceError: CollaborationCursor is not defined
    at Editor (http://localhost:3000/_next/static/chunks/projects_markdown-collab_src_0b7efkz._.js:201:17)
    at Object.react_stack_bottom_frame (http://localhost:3000/_next/static/chunks/0e4n_next_dist_compiled_react-dom_08ibudp._.js:15037:24)
    at renderWithHooks (http://localhost:3000/_next/static/chunks/0e4n_next_dist_compiled_react-dom_08ibudp._.js:4620:24)
    at updateFunctionComponent (http://localhost:3000/_next/static/chunks/0e4n_next_dist_compiled_react-dom_08ibudp._.js:6081:21)
    at beginWork (http://localhost:3000/_next/static/chunks/0e4n_next_dist_compiled_react-dom_08ibudp._.js:6691:24)
    at runWithFiberInDEV (http://localhost:3000/_next/static/chunks/0e4n_next_dist_compiled_react-dom_08ibudp._.js:965:74)
    at performUnitOfWork (http://localhost:3000/_next/static/chunks/0e4n_next_dist_compiled_react-dom_08ibudp._.js:9555:97)
    at workLoopSync (http://localhost:3000/_next/static/chunks/0e4n_next_dist_compiled_react-dom_08ibudp._.js:9449:40)
    at renderRootSync (http://localhost:3000/_next/static/chunks/0e4n_next_dist_compiled_react-dom_08ibudp._.js:9433:13)
    at performWorkOnRoot (http://localhost:3000/_next/static/chunks/0e4n_next_dist_compiled_react-dom_08ibudp._.js:9098:47)
    at performWorkOnRootViaSchedulerTask (http://localhost:3000/_next/static/chunks/0e4n_next_dist_compiled_react-dom_08ibudp._.js:10255:9)
    at MessagePort.performWorkUntilDeadline (http://localhost:3000/_next/static/chunks/0e4n_next_dist_compiled_0ly30~5._.js:2647:64)
[   36893ms] [LOG] [Fast Refresh] rebuilding @ http://localhost:3000/_next/static/chunks/0e4n_next_dist_0fykpjn._.js:2431
[   36894ms] [WARNING] [Fast Refresh] performing full reload because your application had an unrecoverable error @ http://localhost:3000/_next/static/chunks/0e4n_next_dist_0fykpjn._.js:2431
[   36917ms] [LOG] [Fast Refresh] done in 30ms @ http://localhost:3000/_next/static/chunks/0e4n_next_dist_0fykpjn._.js:2431
[   37054ms] [INFO] %cDownload the React DevTools for a better development experience: https://react.dev/link/react-devtools font-weight:bold @ http://localhost:3000/_next/static/chunks/0e4n_next_dist_0fykpjn._.js:2431
[   37065ms] [LOG] [HMR] connected @ http://localhost:3000/_next/static/chunks/0e4n_next_dist_0fykpjn._.js:2431
[   43961ms] [LOG] [Fast Refresh] rebuilding @ http://localhost:3000/_next/static/chunks/0e4n_next_dist_0fykpjn._.js:2431
[   43971ms] ReferenceError: synced is not defined
    at Editor (http://localhost:3000/_next/static/chunks/projects_markdown-collab_src_0b7efkz._.js?id=%255Bproject%255D%252Fprojects%252Fmarkdown-collab%252Fsrc%252Fcomponents%252FEditor.tsx+%255Bapp-client%255D+%2528ecmascript%2529:83:9)
    at Object.react_stack_bottom_frame (http://localhost:3000/_next/static/chunks/0e4n_next_dist_compiled_react-dom_08ibudp._.js:15037:24)
    at renderWithHooks (http://localhost:3000/_next/static/chunks/0e4n_next_dist_compiled_react-dom_08ibudp._.js:4620:24)
    at updateFunctionComponent (http://localhost:3000/_next/static/chunks/0e4n_next_dist_compiled_react-dom_08ibudp._.js:6081:21)
    at beginWork (http://localhost:3000/_next/static/chunks/0e4n_next_dist_compiled_react-dom_08ibudp._.js:6691:24)
    at runWithFiberInDEV (http://localhost:3000/_next/static/chunks/0e4n_next_dist_compiled_react-dom_08ibudp._.js:965:74)
    at performUnitOfWork (http://localhost:3000/_next/static/chunks/0e4n_next_dist_compiled_react-dom_08ibudp._.js:9555:97)
    at workLoopSync (http://localhost:3000/_next/static/chunks/0e4n_next_dist_compiled_react-dom_08ibudp._.js:9449:40)
    at renderRootSync (http://localhost:3000/_next/static/chunks/0e4n_next_dist_compiled_react-dom_08ibudp._.js:9433:13)
    at performWorkOnRoot (http://localhost:3000/_next/static/chunks/0e4n_next_dist_compiled_react-dom_08ibudp._.js:9098:47)
    at performSyncWorkOnRoot (http://localhost:3000/_next/static/chunks/0e4n_next_dist_compiled_react-dom_08ibudp._.js:10263:9)
    at flushSyncWorkAcrossRoots_impl (http://localhost:3000/_next/static/chunks/0e4n_next_dist_compiled_react-dom_08ibudp._.js:10179:316)
    at flushSyncWork$1 (http://localhost:3000/_next/static/chunks/0e4n_next_dist_compiled_react-dom_08ibudp._.js:9230:86)
    at Object.scheduleRefresh (http://localhost:3000/_next/static/chunks/0e4n_next_dist_compiled_react-dom_08ibudp._.js:299:13)
    at http://localhost:3000/_next/static/chunks/0e4n_next_dist_compiled_0ly30~5._.js:391:33
    at Set.forEach (<anonymous>)
    at Object.performReactRefresh (http://localhost:3000/_next/static/chunks/0e4n_next_dist_compiled_0ly30~5._.js:384:38)
    at applyUpdate (http://localhost:3000/_next/static/chunks/0e4n_next_dist_compiled_0ly30~5._.js:878:31)
    at http://localhost:3000/_next/static/chunks/0e4n_next_dist_compiled_0ly30~5._.js:886:13
[   43996ms] [LOG] [Fast Refresh] done in 31ms @ http://localhost:3000/_next/static/chunks/0e4n_next_dist_0fykpjn._.js:2431
[   48998ms] [LOG] [Fast Refresh] rebuilding @ http://localhost:3000/_next/static/chunks/0e4n_next_dist_0fykpjn._.js:2431
[   48998ms] [WARNING] [Fast Refresh] performing full reload because your application had an unrecoverable error @ http://localhost:3000/_next/static/chunks/0e4n_next_dist_0fykpjn._.js:2431
[   49036ms] ReferenceError: synced is not defined
    at Editor (http://localhost:3000/_next/static/chunks/projects_markdown-collab_src_0b7efkz._.js?id=%255Bproject%255D%252Fprojects%252Fmarkdown-collab%252Fsrc%252Fcomponents%252FEditor.tsx+%255Bapp-client%255D+%2528ecmascript%2529:93:5)
    at Object.react_stack_bottom_frame (http://localhost:3000/_next/static/chunks/0e4n_next_dist_compiled_react-dom_08ibudp._.js:15037:24)
    at renderWithHooks (http://localhost:3000/_next/static/chunks/0e4n_next_dist_compiled_react-dom_08ibudp._.js:4620:24)
    at updateFunctionComponent (http://localhost:3000/_next/static/chunks/0e4n_next_dist_compiled_react-dom_08ibudp._.js:6081:21)
    at beginWork (http://localhost:3000/_next/static/chunks/0e4n_next_dist_compiled_react-dom_08ibudp._.js:6691:24)
    at runWithFiberInDEV (http://localhost:3000/_next/static/chunks/0e4n_next_dist_compiled_react-dom_08ibudp._.js:965:74)
    at performUnitOfWork (http://localhost:3000/_next/static/chunks/0e4n_next_dist_compiled_react-dom_08ibudp._.js:9555:97)
    at workLoopSync (http://localhost:3000/_next/static/chunks/0e4n_next_dist_compiled_react-dom_08ibudp._.js:9449:40)
    at renderRootSync (http://localhost:3000/_next/static/chunks/0e4n_next_dist_compiled_react-dom_08ibudp._.js:9433:13)
    at performWorkOnRoot (http://localhost:3000/_next/static/chunks/0e4n_next_dist_compiled_react-dom_08ibudp._.js:9098:47)
    at performWorkOnRootViaSchedulerTask (http://localhost:3000/_next/static/chunks/0e4n_next_dist_compiled_react-dom_08ibudp._.js:10255:9)
    at MessagePort.performWorkUntilDeadline (http://localhost:3000/_next/static/chunks/0e4n_next_dist_compiled_0ly30~5._.js:2647:64)
[   49015ms] [WARNING] WebSocket connection to 'ws://localhost:1234/3ea5116b-80d2-4343-81ae-1ffcf692b680' failed: WebSocket is closed before the connection is established. @ http://localhost:3000/_next/static/chunks/0e4n_0mgz88o._.js:2247
[   49086ms] [LOG] [Fast Refresh] done in 21ms @ http://localhost:3000/_next/static/chunks/0e4n_next_dist_0fykpjn._.js:2431
[   49139ms] [INFO] %cDownload the React DevTools for a better development experience: https://react.dev/link/react-devtools font-weight:bold @ http://localhost:3000/_next/static/chunks/0e4n_next_dist_0fykpjn._.js:2431
[   49156ms] [LOG] [HMR] connected @ http://localhost:3000/_next/static/chunks/0e4n_next_dist_0fykpjn._.js:2431
[   49235ms] ReferenceError: synced is not defined
    at Editor (http://localhost:3000/_next/static/chunks/projects_markdown-collab_src_0b7efkz._.js:208:5)
    at Object.react_stack_bottom_frame (http://localhost:3000/_next/static/chunks/0e4n_next_dist_compiled_react-dom_08ibudp._.js:15037:24)
    at renderWithHooks (http://localhost:3000/_next/static/chunks/0e4n_next_dist_compiled_react-dom_08ibudp._.js:4620:24)
    at updateFunctionComponent (http://localhost:3000/_next/static/chunks/0e4n_next_dist_compiled_react-dom_08ibudp._.js:6081:21)
    at beginWork (http://localhost:3000/_next/static/chunks/0e4n_next_dist_compiled_react-dom_08ibudp._.js:6691:24)
    at runWithFiberInDEV (http://localhost:3000/_next/static/chunks/0e4n_next_dist_compiled_react-dom_08ibudp._.js:965:74)
    at performUnitOfWork (http://localhost:3000/_next/static/chunks/0e4n_next_dist_compiled_react-dom_08ibudp._.js:9555:97)
    at workLoopSync (http://localhost:3000/_next/static/chunks/0e4n_next_dist_compiled_react-dom_08ibudp._.js:9449:40)
    at renderRootSync (http://localhost:3000/_next/static/chunks/0e4n_next_dist_compiled_react-dom_08ibudp._.js:9433:13)
    at performWorkOnRoot (http://localhost:3000/_next/static/chunks/0e4n_next_dist_compiled_react-dom_08ibudp._.js:9098:47)
    at performWorkOnRootViaSchedulerTask (http://localhost:3000/_next/static/chunks/0e4n_next_dist_compiled_react-dom_08ibudp._.js:10255:9)
    at MessagePort.performWorkUntilDeadline (http://localhost:3000/_next/static/chunks/0e4n_next_dist_compiled_0ly30~5._.js:2647:64)
[   49193ms] [WARNING] WebSocket connection to 'ws://localhost:1234/3ea5116b-80d2-4343-81ae-1ffcf692b680' failed: WebSocket is closed before the connection is established. @ http://localhost:3000/_next/static/chunks/0e4n_0mgz88o._.js:2247
[   55507ms] [LOG] [Fast Refresh] rebuilding @ http://localhost:3000/_next/static/chunks/0e4n_next_dist_0fykpjn._.js:2431
[   55508ms] [WARNING] [Fast Refresh] performing full reload because your application had an unrecoverable error @ http://localhost:3000/_next/static/chunks/0e4n_next_dist_0fykpjn._.js:2431
[   55535ms] [LOG] [Fast Refresh] done in 46ms @ http://localhost:3000/_next/static/chunks/0e4n_next_dist_0fykpjn._.js:2431
[   55619ms] [INFO] %cDownload the React DevTools for a better development experience: https://react.dev/link/react-devtools font-weight:bold @ http://localhost:3000/_next/static/chunks/0e4n_next_dist_0fykpjn._.js:2431
[   55630ms] [LOG] [HMR] connected @ http://localhost:3000/_next/static/chunks/0e4n_next_dist_0fykpjn._.js:2431
