[     215ms] [INFO] %cDownload the React DevTools for a better development experience: https://react.dev/link/react-devtools font-weight:bold @ http://localhost:3000/_next/static/chunks/0e4n_next_dist_0fykpjn._.js:2431
[     256ms] [LOG] [HMR] connected @ http://localhost:3000/_next/static/chunks/0e4n_next_dist_0fykpjn._.js:2431
[     370ms] [LOG] [Fast Refresh] rebuilding @ http://localhost:3000/_next/static/chunks/0e4n_next_dist_0fykpjn._.js:2431
[     418ms] [LOG] [Fast Refresh] done in 148ms @ http://localhost:3000/_next/static/chunks/0e4n_next_dist_0fykpjn._.js:2431
[67834176ms] [LOG] [Fast Refresh] rebuilding @ http://localhost:3000/_next/static/chunks/0e4n_next_dist_0fykpjn._.js:2431
[67834430ms] [LOG] [Fast Refresh] done in 320ms @ http://localhost:3000/_next/static/chunks/0e4n_next_dist_0fykpjn._.js:2431
[67928805ms] [LOG] [Fast Refresh] rebuilding @ http://localhost:3000/_next/static/chunks/0e4n_next_dist_0fykpjn._.js:2431
[67928928ms] [LOG] [Fast Refresh] done in 228ms @ http://localhost:3000/_next/static/chunks/0e4n_next_dist_0fykpjn._.js:2431
[67940710ms] [LOG] [Fast Refresh] rebuilding @ http://localhost:3000/_next/static/chunks/0e4n_next_dist_0fykpjn._.js:2431
[67940739ms] [LOG] [Fast Refresh] done in 64ms @ http://localhost:3000/_next/static/chunks/0e4n_next_dist_0fykpjn._.js:2431
[67947905ms] [LOG] [Fast Refresh] rebuilding @ http://localhost:3000/_next/static/chunks/0e4n_next_dist_0fykpjn._.js:2431
[67947972ms] [LOG] [Fast Refresh] done in 141ms @ http://localhost:3000/_next/static/chunks/0e4n_next_dist_0fykpjn._.js:2431
[67949003ms] [LOG] [Fast Refresh] rebuilding @ http://localhost:3000/_next/static/chunks/0e4n_next_dist_0fykpjn._.js:2431
[67949029ms] [LOG] [Fast Refresh] done in 109ms @ http://localhost:3000/_next/static/chunks/0e4n_next_dist_0fykpjn._.js:2431
[67960539ms] [LOG] [Fast Refresh] rebuilding @ http://localhost:3000/_next/static/chunks/0e4n_next_dist_0fykpjn._.js:2431
[67960853ms] [LOG] [Fast Refresh] done in 297ms @ http://localhost:3000/_next/static/chunks/0e4n_next_dist_0fykpjn._.js:2431
[67961759ms] [LOG] [Fast Refresh] rebuilding @ http://localhost:3000/_next/static/chunks/0e4n_next_dist_0fykpjn._.js:2431
[67961788ms] [LOG] [Fast Refresh] done in 31ms @ http://localhost:3000/_next/static/chunks/0e4n_next_dist_0fykpjn._.js:2431
[67972411ms] [LOG] [Fast Refresh] rebuilding @ http://localhost:3000/_next/static/chunks/0e4n_next_dist_0fykpjn._.js:2431
[67972437ms] [LOG] [Fast Refresh] done in 31ms @ http://localhost:3000/_next/static/chunks/0e4n_next_dist_0fykpjn._.js:2431
[67975327ms] [LOG] [Fast Refresh] rebuilding @ http://localhost:3000/_next/static/chunks/0e4n_next_dist_0fykpjn._.js:2431
[67975355ms] [LOG] [Fast Refresh] done in 40ms @ http://localhost:3000/_next/static/chunks/0e4n_next_dist_0fykpjn._.js:2431
[67979809ms] [LOG] [Fast Refresh] rebuilding @ http://localhost:3000/_next/static/chunks/0e4n_next_dist_0fykpjn._.js:2431
[67979844ms] [LOG] [Fast Refresh] done in 46ms @ http://localhost:3000/_next/static/chunks/0e4n_next_dist_0fykpjn._.js:2431
[67983899ms] [LOG] [Fast Refresh] rebuilding @ http://localhost:3000/_next/static/chunks/0e4n_next_dist_0fykpjn._.js:2431
[67983945ms] [LOG] [Fast Refresh] done in 30ms @ http://localhost:3000/_next/static/chunks/0e4n_next_dist_0fykpjn._.js:2431
[67984053ms] [LOG] [Fast Refresh] rebuilding @ http://localhost:3000/_next/static/chunks/0e4n_next_dist_0fykpjn._.js:2431
[67984204ms] [LOG] [Fast Refresh] done in 251ms @ http://localhost:3000/_next/static/chunks/0e4n_next_dist_0fykpjn._.js:2431
[67986104ms] [LOG] [Fast Refresh] rebuilding @ http://localhost:3000/_next/static/chunks/0e4n_next_dist_0fykpjn._.js:2431
[67986209ms] [LOG] [Fast Refresh] done in 133ms @ http://localhost:3000/_next/static/chunks/0e4n_next_dist_0fykpjn._.js:2431
[68089708ms] [LOG] [Fast Refresh] rebuilding @ http://localhost:3000/_next/static/chunks/0e4n_next_dist_0fykpjn._.js:2431
[68089808ms] [LOG] [Fast Refresh] done in 185ms @ http://localhost:3000/_next/static/chunks/0e4n_next_dist_0fykpjn._.js:2431
[68095639ms] [LOG] [Fast Refresh] rebuilding @ http://localhost:3000/_next/static/chunks/0e4n_next_dist_0fykpjn._.js:2431
[68095759ms] [LOG] [Fast Refresh] done in 152ms @ http://localhost:3000/_next/static/chunks/0e4n_next_dist_0fykpjn._.js:2431
[68101114ms] [LOG] [Fast Refresh] rebuilding @ http://localhost:3000/_next/static/chunks/0e4n_next_dist_0fykpjn._.js:2431
[68101142ms] [LOG] [Fast Refresh] done in 21ms @ http://localhost:3000/_next/static/chunks/0e4n_next_dist_0fykpjn._.js:2431
[68105730ms] [LOG] [Fast Refresh] rebuilding @ http://localhost:3000/_next/static/chunks/0e4n_next_dist_0fykpjn._.js:2431
[68105777ms] TypeError: Cannot read properties of undefined (reading 'doc')
    at createDecorations (http://localhost:3000/_next/static/chunks/0e4n_0c8mr0z._.js?id=%255Bproject%255D%252Fprojects%252Fmarkdown-collab%252Fnode_modules%252Fy-prosemirror%252Fsrc%252Fplugins%252Fcursor-plugin.js+%255Bapp-client%255D+%2528ecmascript%2529:54:22)
    at Plugin.init (http://localhost:3000/_next/static/chunks/0e4n_0c8mr0z._.js?id=%255Bproject%255D%252Fprojects%252Fmarkdown-collab%252Fnode_modules%252Fy-prosemirror%252Fsrc%252Fplugins%252Fcursor-plugin.js+%255Bapp-client%255D+%2528ecmascript%2529:100:24)
    at EditorState.reconfigure (http://localhost:3000/_next/static/chunks/0e4n_0mgz88o._.js:8819:81)
    at Editor.createView (http://localhost:3000/_next/static/chunks/0e4n_%40tiptap_core_dist_0cw34ka._.js:5143:37)
    at Editor.mount (http://localhost:3000/_next/static/chunks/0e4n_%40tiptap_core_dist_0cw34ka._.js:4844:14)
    at new Editor (http://localhost:3000/_next/static/chunks/0e4n_%40tiptap_core_dist_0cw34ka._.js:4835:18)
    at _EditorInstanceManager.createEditor (http://localhost:3000/_next/static/chunks/0e4n_0mgz88o._.js:11313:24)
    at _EditorInstanceManager.refreshEditorInstance (http://localhost:3000/_next/static/chunks/0e4n_0mgz88o._.js:11409:29)
    at http://localhost:3000/_next/static/chunks/0e4n_0mgz88o._.js:11385:22
    at Object.react_stack_bottom_frame (http://localhost:3000/_next/static/chunks/0e4n_next_dist_compiled_react-dom_08ibudp._.js:15087:22)
    at runWithFiberInDEV (http://localhost:3000/_next/static/chunks/0e4n_next_dist_compiled_react-dom_08ibudp._.js:965:74)
    at commitHookEffectListMount (http://localhost:3000/_next/static/chunks/0e4n_next_dist_compiled_react-dom_08ibudp._.js:7255:167)
    at commitHookPassiveMountEffects (http://localhost:3000/_next/static/chunks/0e4n_next_dist_compiled_react-dom_08ibudp._.js:7290:60)
    at commitPassiveMountOnFiber (http://localhost:3000/_next/static/chunks/0e4n_next_dist_compiled_react-dom_08ibudp._.js:8689:33)
    at recursivelyTraversePassiveMountEffects (http://localhost:3000/_next/static/chunks/0e4n_next_dist_compiled_react-dom_08ibudp._.js:8676:316)
    at commitPassiveMountOnFiber (http://localhost:3000/_next/static/chunks/0e4n_next_dist_compiled_react-dom_08ibudp._.js:8750:17)
    at recursivelyTraversePassiveMountEffects (http://localhost:3000/_next/static/chunks/0e4n_next_dist_compiled_react-dom_08ibudp._.js:8676:316)
    at commitPassiveMountOnFiber (http://localhost:3000/_next/static/chunks/0e4n_next_dist_compiled_react-dom_08ibudp._.js:8750:17)
    at recursivelyTraversePassiveMountEffects (http://localhost:3000/_next/static/chunks/0e4n_next_dist_compiled_react-dom_08ibudp._.js:8676:316)
    at commitPassiveMountOnFiber (http://localhost:3000/_next/static/chunks/0e4n_next_dist_compiled_react-dom_08ibudp._.js:8688:17)
    at recursivelyTraversePassiveMountEffects (http://localhost:3000/_next/static/chunks/0e4n_next_dist_compiled_react-dom_08ibudp._.js:8676:316)
    at commitPassiveMountOnFiber (http://localhost:3000/_next/static/chunks/0e4n_next_dist_compiled_react-dom_08ibudp._.js:8688:17)
    at recursivelyTraversePassiveMountEffects (http://localhost:3000/_next/static/chunks/0e4n_next_dist_compiled_react-dom_08ibudp._.js:8676:316)
    at commitPassiveMountOnFiber (http://localhost:3000/_next/static/chunks/0e4n_next_dist_compiled_react-dom_08ibudp._.js:8688:17)
    at recursivelyTraversePassiveMountEffects (http://localhost:3000/_next/static/chunks/0e4n_next_dist_compiled_react-dom_08ibudp._.js:8676:316)
    at commitPassiveMountOnFiber (http://localhost:3000/_next/static/chunks/0e4n_next_dist_compiled_react-dom_08ibudp._.js:8750:17)
    at recursivelyTraversePassiveMountEffects (http://localhost:3000/_next/static/chunks/0e4n_next_dist_compiled_react-dom_08ibudp._.js:8676:316)
    at commitPassiveMountOnFiber (http://localhost:3000/_next/static/chunks/0e4n_next_dist_compiled_react-dom_08ibudp._.js:8750:17)
    at recursivelyTraversePassiveMountEffects (http://localhost:3000/_next/static/chunks/0e4n_next_dist_compiled_react-dom_08ibudp._.js:8676:316)
    at commitPassiveMountOnFiber (http://localhost:3000/_next/static/chunks/0e4n_next_dist_compiled_react-dom_08ibudp._.js:8688:17)
    at recursivelyTraversePassiveMountEffects (http://localhost:3000/_next/static/chunks/0e4n_next_dist_compiled_react-dom_08ibudp._.js:8676:316)
    at commitPassiveMountOnFiber (http://localhost:3000/_next/static/chunks/0e4n_next_dist_compiled_react-dom_08ibudp._.js:8693:17)
    at recursivelyTraversePassiveMountEffects (http://localhost:3000/_next/static/chunks/0e4n_next_dist_compiled_react-dom_08ibudp._.js:8676:316)
    at commitPassiveMountOnFiber (http://localhost:3000/_next/static/chunks/0e4n_next_dist_compiled_react-dom_08ibudp._.js:8688:17)
    at recursivelyTraversePassiveMountEffects (http://localhost:3000/_next/static/chunks/0e4n_next_dist_compiled_react-dom_08ibudp._.js:8676:316)
    at commitPassiveMountOnFiber (http://localhost:3000/_next/static/chunks/0e4n_next_dist_compiled_react-dom_08ibudp._.js:8688:17)
    at recursivelyTraversePassiveMountEffects (http://localhost:3000/_next/static/chunks/0e4n_next_dist_compiled_react-dom_08ibudp._.js:8676:316)
    at commitPassiveMountOnFiber (http://localhost:3000/_next/static/chunks/0e4n_next_dist_compiled_react-dom_08ibudp._.js:8688:17)
    at recursivelyTraversePassiveMountEffects (http://localhost:3000/_next/static/chunks/0e4n_next_dist_compiled_react-dom_08ibudp._.js:8676:316)
    at commitPassiveMountOnFiber (http://localhost:3000/_next/static/chunks/0e4n_next_dist_compiled_react-dom_08ibudp._.js:8688:17)
    at recursivelyTraversePassiveMountEffects (http://localhost:3000/_next/static/chunks/0e4n_next_dist_compiled_react-dom_08ibudp._.js:8676:316)
    at commitPassiveMountOnFiber (http://localhost:3000/_next/static/chunks/0e4n_next_dist_compiled_react-dom_08ibudp._.js:8693:17)
    at recursivelyTraversePassiveMountEffects (http://localhost:3000/_next/static/chunks/0e4n_next_dist_compiled_react-dom_08ibudp._.js:8676:316)
    at commitPassiveMountOnFiber (http://localhost:3000/_next/static/chunks/0e4n_next_dist_compiled_react-dom_08ibudp._.js:8688:17)
    at recursivelyTraversePassiveMountEffects (http://localhost:3000/_next/static/chunks/0e4n_next_dist_compiled_react-dom_08ibudp._.js:8676:316)
    at commitPassiveMountOnFiber (http://localhost:3000/_next/static/chunks/0e4n_next_dist_compiled_react-dom_08ibudp._.js:8688:17)
    at recursivelyTraversePassiveMountEffects (http://localhost:3000/_next/static/chunks/0e4n_next_dist_compiled_react-dom_08ibudp._.js:8676:316)
    at commitPassiveMountOnFiber (http://localhost:3000/_next/static/chunks/0e4n_next_dist_compiled_react-dom_08ibudp._.js:8750:17)
    at recursivelyTraversePassiveMountEffects (http://localhost:3000/_next/static/chunks/0e4n_next_dist_compiled_react-dom_08ibudp._.js:8676:316)
    at commitPassiveMountOnFiber (http://localhost:3000/_next/static/chunks/0e4n_next_dist_compiled_react-dom_08ibudp._.js:8750:17)
[68105788ms] [LOG] [Fast Refresh] done in 27ms @ http://localhost:3000/_next/static/chunks/0e4n_next_dist_0fykpjn._.js:2431
[68112192ms] [LOG] [Fast Refresh] rebuilding @ http://localhost:3000/_next/static/chunks/0e4n_next_dist_0fykpjn._.js:2431
[68112197ms] [WARNING] [Fast Refresh] performing full reload because your application had an unrecoverable error @ http://localhost:3000/_next/static/chunks/0e4n_next_dist_0fykpjn._.js:2431
[68112313ms] TypeError: Cannot read properties of undefined (reading 'doc')
    at createDecorations (http://localhost:3000/_next/static/chunks/0e4n_0c8mr0z._.js?id=%255Bproject%255D%252Fprojects%252Fmarkdown-collab%252Fnode_modules%252Fy-prosemirror%252Fsrc%252Fplugins%252Fcursor-plugin.js+%255Bapp-client%255D+%2528ecmascript%2529:54:22)
    at Plugin.init (http://localhost:3000/_next/static/chunks/0e4n_0c8mr0z._.js?id=%255Bproject%255D%252Fprojects%252Fmarkdown-collab%252Fnode_modules%252Fy-prosemirror%252Fsrc%252Fplugins%252Fcursor-plugin.js+%255Bapp-client%255D+%2528ecmascript%2529:100:24)
    at EditorState.reconfigure (http://localhost:3000/_next/static/chunks/0e4n_0mgz88o._.js:8819:81)
    at Editor.createView (http://localhost:3000/_next/static/chunks/0e4n_%40tiptap_core_dist_0cw34ka._.js:5143:37)
    at Editor.mount (http://localhost:3000/_next/static/chunks/0e4n_%40tiptap_core_dist_0cw34ka._.js:4844:14)
    at new Editor (http://localhost:3000/_next/static/chunks/0e4n_%40tiptap_core_dist_0cw34ka._.js:4835:18)
    at _EditorInstanceManager.createEditor (http://localhost:3000/_next/static/chunks/0e4n_0mgz88o._.js:11313:24)
    at _EditorInstanceManager.refreshEditorInstance (http://localhost:3000/_next/static/chunks/0e4n_0mgz88o._.js:11409:29)
    at http://localhost:3000/_next/static/chunks/0e4n_0mgz88o._.js:11385:22
    at Object.react_stack_bottom_frame (http://localhost:3000/_next/static/chunks/0e4n_next_dist_compiled_react-dom_08ibudp._.js:15087:22)
    at runWithFiberInDEV (http://localhost:3000/_next/static/chunks/0e4n_next_dist_compiled_react-dom_08ibudp._.js:965:74)
    at commitHookEffectListMount (http://localhost:3000/_next/static/chunks/0e4n_next_dist_compiled_react-dom_08ibudp._.js:7255:167)
    at commitHookPassiveMountEffects (http://localhost:3000/_next/static/chunks/0e4n_next_dist_compiled_react-dom_08ibudp._.js:7290:60)
    at commitPassiveMountOnFiber (http://localhost:3000/_next/static/chunks/0e4n_next_dist_compiled_react-dom_08ibudp._.js:8689:33)
    at recursivelyTraversePassiveMountEffects (http://localhost:3000/_next/static/chunks/0e4n_next_dist_compiled_react-dom_08ibudp._.js:8676:316)
    at commitPassiveMountOnFiber (http://localhost:3000/_next/static/chunks/0e4n_next_dist_compiled_react-dom_08ibudp._.js:8750:17)
    at recursivelyTraversePassiveMountEffects (http://localhost:3000/_next/static/chunks/0e4n_next_dist_compiled_react-dom_08ibudp._.js:8676:316)
    at commitPassiveMountOnFiber (http://localhost:3000/_next/static/chunks/0e4n_next_dist_compiled_react-dom_08ibudp._.js:8750:17)
    at recursivelyTraversePassiveMountEffects (http://localhost:3000/_next/static/chunks/0e4n_next_dist_compiled_react-dom_08ibudp._.js:8676:316)
    at commitPassiveMountOnFiber (http://localhost:3000/_next/static/chunks/0e4n_next_dist_compiled_react-dom_08ibudp._.js:8688:17)
    at recursivelyTraversePassiveMountEffects (http://localhost:3000/_next/static/chunks/0e4n_next_dist_compiled_react-dom_08ibudp._.js:8676:316)
    at commitPassiveMountOnFiber (http://localhost:3000/_next/static/chunks/0e4n_next_dist_compiled_react-dom_08ibudp._.js:8688:17)
    at recursivelyTraversePassiveMountEffects (http://localhost:3000/_next/static/chunks/0e4n_next_dist_compiled_react-dom_08ibudp._.js:8676:316)
    at commitPassiveMountOnFiber (http://localhost:3000/_next/static/chunks/0e4n_next_dist_compiled_react-dom_08ibudp._.js:8688:17)
    at recursivelyTraversePassiveMountEffects (http://localhost:3000/_next/static/chunks/0e4n_next_dist_compiled_react-dom_08ibudp._.js:8676:316)
    at commitPassiveMountOnFiber (http://localhost:3000/_next/static/chunks/0e4n_next_dist_compiled_react-dom_08ibudp._.js:8750:17)
    at recursivelyTraversePassiveMountEffects (http://localhost:3000/_next/static/chunks/0e4n_next_dist_compiled_react-dom_08ibudp._.js:8676:316)
    at commitPassiveMountOnFiber (http://localhost:3000/_next/static/chunks/0e4n_next_dist_compiled_react-dom_08ibudp._.js:8750:17)
    at recursivelyTraversePassiveMountEffects (http://localhost:3000/_next/static/chunks/0e4n_next_dist_compiled_react-dom_08ibudp._.js:8676:316)
    at commitPassiveMountOnFiber (http://localhost:3000/_next/static/chunks/0e4n_next_dist_compiled_react-dom_08ibudp._.js:8688:17)
    at recursivelyTraversePassiveMountEffects (http://localhost:3000/_next/static/chunks/0e4n_next_dist_compiled_react-dom_08ibudp._.js:8676:316)
    at commitPassiveMountOnFiber (http://localhost:3000/_next/static/chunks/0e4n_next_dist_compiled_react-dom_08ibudp._.js:8693:17)
    at recursivelyTraversePassiveMountEffects (http://localhost:3000/_next/static/chunks/0e4n_next_dist_compiled_react-dom_08ibudp._.js:8676:316)
    at commitPassiveMountOnFiber (http://localhost:3000/_next/static/chunks/0e4n_next_dist_compiled_react-dom_08ibudp._.js:8688:17)
    at recursivelyTraversePassiveMountEffects (http://localhost:3000/_next/static/chunks/0e4n_next_dist_compiled_react-dom_08ibudp._.js:8676:316)
    at commitPassiveMountOnFiber (http://localhost:3000/_next/static/chunks/0e4n_next_dist_compiled_react-dom_08ibudp._.js:8688:17)
    at recursivelyTraversePassiveMountEffects (http://localhost:3000/_next/static/chunks/0e4n_next_dist_compiled_react-dom_08ibudp._.js:8676:316)
    at commitPassiveMountOnFiber (http://localhost:3000/_next/static/chunks/0e4n_next_dist_compiled_react-dom_08ibudp._.js:8688:17)
    at recursivelyTraversePassiveMountEffects (http://localhost:3000/_next/static/chunks/0e4n_next_dist_compiled_react-dom_08ibudp._.js:8676:316)
    at commitPassiveMountOnFiber (http://localhost:3000/_next/static/chunks/0e4n_next_dist_compiled_react-dom_08ibudp._.js:8688:17)
    at recursivelyTraversePassiveMountEffects (http://localhost:3000/_next/static/chunks/0e4n_next_dist_compiled_react-dom_08ibudp._.js:8676:316)
    at commitPassiveMountOnFiber (http://localhost:3000/_next/static/chunks/0e4n_next_dist_compiled_react-dom_08ibudp._.js:8693:17)
    at recursivelyTraversePassiveMountEffects (http://localhost:3000/_next/static/chunks/0e4n_next_dist_compiled_react-dom_08ibudp._.js:8676:316)
    at commitPassiveMountOnFiber (http://localhost:3000/_next/static/chunks/0e4n_next_dist_compiled_react-dom_08ibudp._.js:8688:17)
    at recursivelyTraversePassiveMountEffects (http://localhost:3000/_next/static/chunks/0e4n_next_dist_compiled_react-dom_08ibudp._.js:8676:316)
    at commitPassiveMountOnFiber (http://localhost:3000/_next/static/chunks/0e4n_next_dist_compiled_react-dom_08ibudp._.js:8688:17)
    at recursivelyTraversePassiveMountEffects (http://localhost:3000/_next/static/chunks/0e4n_next_dist_compiled_react-dom_08ibudp._.js:8676:316)
    at commitPassiveMountOnFiber (http://localhost:3000/_next/static/chunks/0e4n_next_dist_compiled_react-dom_08ibudp._.js:8750:17)
    at recursivelyTraversePassiveMountEffects (http://localhost:3000/_next/static/chunks/0e4n_next_dist_compiled_react-dom_08ibudp._.js:8676:316)
    at commitPassiveMountOnFiber (http://localhost:3000/_next/static/chunks/0e4n_next_dist_compiled_react-dom_08ibudp._.js:8750:17)
[68112240ms] [WARNING] WebSocket connection to 'ws://localhost:3000/ws/6373c3ce-bcc7-4137-b5fe-9eb8b6b7efc1' failed: WebSocket is closed before the connection is established. @ http://localhost:3000/_next/static/chunks/0e4n_0mgz88o._.js:2247
[68112244ms] [LOG] [Fast Refresh] done in 56ms @ http://localhost:3000/_next/static/chunks/0e4n_next_dist_0fykpjn._.js:2431
[68112600ms] [INFO] %cDownload the React DevTools for a better development experience: https://react.dev/link/react-devtools font-weight:bold @ http://localhost:3000/_next/static/chunks/0e4n_next_dist_0fykpjn._.js:2431
[68112625ms] [LOG] [HMR] connected @ http://localhost:3000/_next/static/chunks/0e4n_next_dist_0fykpjn._.js:2431
[68112704ms] TypeError: Cannot read properties of undefined (reading 'doc')
    at createDecorations (http://localhost:3000/_next/static/chunks/0e4n_0c8mr0z._.js:21803:22)
    at Plugin.init (http://localhost:3000/_next/static/chunks/0e4n_0c8mr0z._.js:21849:24)
    at EditorState.reconfigure (http://localhost:3000/_next/static/chunks/0e4n_0c8mr0z._.js:8819:81)
    at Editor.createView (http://localhost:3000/_next/static/chunks/0e4n_%40tiptap_core_dist_0cw34ka._.js:5143:37)
    at Editor.mount (http://localhost:3000/_next/static/chunks/0e4n_%40tiptap_core_dist_0cw34ka._.js:4844:14)
    at new Editor (http://localhost:3000/_next/static/chunks/0e4n_%40tiptap_core_dist_0cw34ka._.js:4835:18)
    at _EditorInstanceManager.createEditor (http://localhost:3000/_next/static/chunks/0e4n_0c8mr0z._.js:11313:24)
    at _EditorInstanceManager.refreshEditorInstance (http://localhost:3000/_next/static/chunks/0e4n_0c8mr0z._.js:11409:29)
    at http://localhost:3000/_next/static/chunks/0e4n_0c8mr0z._.js:11385:22
    at Object.react_stack_bottom_frame (http://localhost:3000/_next/static/chunks/0e4n_next_dist_compiled_react-dom_08ibudp._.js:15087:22)
    at runWithFiberInDEV (http://localhost:3000/_next/static/chunks/0e4n_next_dist_compiled_react-dom_08ibudp._.js:965:74)
    at commitHookEffectListMount (http://localhost:3000/_next/static/chunks/0e4n_next_dist_compiled_react-dom_08ibudp._.js:7255:167)
    at commitHookPassiveMountEffects (http://localhost:3000/_next/static/chunks/0e4n_next_dist_compiled_react-dom_08ibudp._.js:7290:60)
    at commitPassiveMountOnFiber (http://localhost:3000/_next/static/chunks/0e4n_next_dist_compiled_react-dom_08ibudp._.js:8689:33)
    at recursivelyTraversePassiveMountEffects (http://localhost:3000/_next/static/chunks/0e4n_next_dist_compiled_react-dom_08ibudp._.js:8676:316)
    at commitPassiveMountOnFiber (http://localhost:3000/_next/static/chunks/0e4n_next_dist_compiled_react-dom_08ibudp._.js:8750:17)
    at recursivelyTraversePassiveMountEffects (http://localhost:3000/_next/static/chunks/0e4n_next_dist_compiled_react-dom_08ibudp._.js:8676:316)
    at commitPassiveMountOnFiber (http://localhost:3000/_next/static/chunks/0e4n_next_dist_compiled_react-dom_08ibudp._.js:8750:17)
    at recursivelyTraversePassiveMountEffects (http://localhost:3000/_next/static/chunks/0e4n_next_dist_compiled_react-dom_08ibudp._.js:8676:316)
    at commitPassiveMountOnFiber (http://localhost:3000/_next/static/chunks/0e4n_next_dist_compiled_react-dom_08ibudp._.js:8688:17)
    at recursivelyTraversePassiveMountEffects (http://localhost:3000/_next/static/chunks/0e4n_next_dist_compiled_react-dom_08ibudp._.js:8676:316)
    at commitPassiveMountOnFiber (http://localhost:3000/_next/static/chunks/0e4n_next_dist_compiled_react-dom_08ibudp._.js:8688:17)
    at recursivelyTraversePassiveMountEffects (http://localhost:3000/_next/static/chunks/0e4n_next_dist_compiled_react-dom_08ibudp._.js:8676:316)
    at commitPassiveMountOnFiber (http://localhost:3000/_next/static/chunks/0e4n_next_dist_compiled_react-dom_08ibudp._.js:8688:17)
    at recursivelyTraversePassiveMountEffects (http://localhost:3000/_next/static/chunks/0e4n_next_dist_compiled_react-dom_08ibudp._.js:8676:316)
    at commitPassiveMountOnFiber (http://localhost:3000/_next/static/chunks/0e4n_next_dist_compiled_react-dom_08ibudp._.js:8750:17)
    at recursivelyTraversePassiveMountEffects (http://localhost:3000/_next/static/chunks/0e4n_next_dist_compiled_react-dom_08ibudp._.js:8676:316)
    at commitPassiveMountOnFiber (http://localhost:3000/_next/static/chunks/0e4n_next_dist_compiled_react-dom_08ibudp._.js:8750:17)
    at recursivelyTraversePassiveMountEffects (http://localhost:3000/_next/static/chunks/0e4n_next_dist_compiled_react-dom_08ibudp._.js:8676:316)
    at commitPassiveMountOnFiber (http://localhost:3000/_next/static/chunks/0e4n_next_dist_compiled_react-dom_08ibudp._.js:8688:17)
    at recursivelyTraversePassiveMountEffects (http://localhost:3000/_next/static/chunks/0e4n_next_dist_compiled_react-dom_08ibudp._.js:8676:316)
    at commitPassiveMountOnFiber (http://localhost:3000/_next/static/chunks/0e4n_next_dist_compiled_react-dom_08ibudp._.js:8693:17)
    at recursivelyTraversePassiveMountEffects (http://localhost:3000/_next/static/chunks/0e4n_next_dist_compiled_react-dom_08ibudp._.js:8676:316)
    at commitPassiveMountOnFiber (http://localhost:3000/_next/static/chunks/0e4n_next_dist_compiled_react-dom_08ibudp._.js:8688:17)
    at recursivelyTraversePassiveMountEffects (http://localhost:3000/_next/static/chunks/0e4n_next_dist_compiled_react-dom_08ibudp._.js:8676:316)
    at commitPassiveMountOnFiber (http://localhost:3000/_next/static/chunks/0e4n_next_dist_compiled_react-dom_08ibudp._.js:8688:17)
    at recursivelyTraversePassiveMountEffects (http://localhost:3000/_next/static/chunks/0e4n_next_dist_compiled_react-dom_08ibudp._.js:8676:316)
    at commitPassiveMountOnFiber (http://localhost:3000/_next/static/chunks/0e4n_next_dist_compiled_react-dom_08ibudp._.js:8688:17)
    at recursivelyTraversePassiveMountEffects (http://localhost:3000/_next/static/chunks/0e4n_next_dist_compiled_react-dom_08ibudp._.js:8676:316)
    at commitPassiveMountOnFiber (http://localhost:3000/_next/static/chunks/0e4n_next_dist_compiled_react-dom_08ibudp._.js:8688:17)
    at recursivelyTraversePassiveMountEffects (http://localhost:3000/_next/static/chunks/0e4n_next_dist_compiled_react-dom_08ibudp._.js:8676:316)
    at commitPassiveMountOnFiber (http://localhost:3000/_next/static/chunks/0e4n_next_dist_compiled_react-dom_08ibudp._.js:8693:17)
    at recursivelyTraversePassiveMountEffects (http://localhost:3000/_next/static/chunks/0e4n_next_dist_compiled_react-dom_08ibudp._.js:8676:316)
    at commitPassiveMountOnFiber (http://localhost:3000/_next/static/chunks/0e4n_next_dist_compiled_react-dom_08ibudp._.js:8688:17)
    at recursivelyTraversePassiveMountEffects (http://localhost:3000/_next/static/chunks/0e4n_next_dist_compiled_react-dom_08ibudp._.js:8676:316)
    at commitPassiveMountOnFiber (http://localhost:3000/_next/static/chunks/0e4n_next_dist_compiled_react-dom_08ibudp._.js:8688:17)
    at recursivelyTraversePassiveMountEffects (http://localhost:3000/_next/static/chunks/0e4n_next_dist_compiled_react-dom_08ibudp._.js:8676:316)
    at commitPassiveMountOnFiber (http://localhost:3000/_next/static/chunks/0e4n_next_dist_compiled_react-dom_08ibudp._.js:8750:17)
    at recursivelyTraversePassiveMountEffects (http://localhost:3000/_next/static/chunks/0e4n_next_dist_compiled_react-dom_08ibudp._.js:8676:316)
    at commitPassiveMountOnFiber (http://localhost:3000/_next/static/chunks/0e4n_next_dist_compiled_react-dom_08ibudp._.js:8750:17)
[68121147ms] [LOG] [Fast Refresh] rebuilding @ http://localhost:3000/_next/static/chunks/0e4n_next_dist_0fykpjn._.js:2431
[68121147ms] [WARNING] [Fast Refresh] performing full reload because your application had an unrecoverable error @ http://localhost:3000/_next/static/chunks/0e4n_next_dist_0fykpjn._.js:2431
[68121206ms] [LOG] [Fast Refresh] done in 91ms @ http://localhost:3000/_next/static/chunks/0e4n_next_dist_0fykpjn._.js:2431
[68121232ms] [INFO] %cDownload the React DevTools for a better development experience: https://react.dev/link/react-devtools font-weight:bold @ http://localhost:3000/_next/static/chunks/0e4n_next_dist_0fykpjn._.js:2431
[68121245ms] [LOG] [HMR] connected @ http://localhost:3000/_next/static/chunks/0e4n_next_dist_0fykpjn._.js:2431
[68121290ms] TypeError: Cannot read properties of undefined (reading 'doc')
    at createDecorations (http://localhost:3000/_next/static/chunks/0e4n_0c8mr0z._.js:21803:22)
    at Plugin.init (http://localhost:3000/_next/static/chunks/0e4n_0c8mr0z._.js:21849:24)
    at EditorState.reconfigure (http://localhost:3000/_next/static/chunks/0e4n_0c8mr0z._.js:8819:81)
    at Editor.createView (http://localhost:3000/_next/static/chunks/0e4n_%40tiptap_core_dist_0cw34ka._.js:5143:37)
    at Editor.mount (http://localhost:3000/_next/static/chunks/0e4n_%40tiptap_core_dist_0cw34ka._.js:4844:14)
    at new Editor (http://localhost:3000/_next/static/chunks/0e4n_%40tiptap_core_dist_0cw34ka._.js:4835:18)
    at _EditorInstanceManager.createEditor (http://localhost:3000/_next/static/chunks/0e4n_0c8mr0z._.js:11313:24)
    at _EditorInstanceManager.refreshEditorInstance (http://localhost:3000/_next/static/chunks/0e4n_0c8mr0z._.js:11409:29)
    at http://localhost:3000/_next/static/chunks/0e4n_0c8mr0z._.js:11385:22
    at Object.react_stack_bottom_frame (http://localhost:3000/_next/static/chunks/0e4n_next_dist_compiled_react-dom_08ibudp._.js:15087:22)
    at runWithFiberInDEV (http://localhost:3000/_next/static/chunks/0e4n_next_dist_compiled_react-dom_08ibudp._.js:965:74)
    at commitHookEffectListMount (http://localhost:3000/_next/static/chunks/0e4n_next_dist_compiled_react-dom_08ibudp._.js:7255:167)
    at commitHookPassiveMountEffects (http://localhost:3000/_next/static/chunks/0e4n_next_dist_compiled_react-dom_08ibudp._.js:7290:60)
    at commitPassiveMountOnFiber (http://localhost:3000/_next/static/chunks/0e4n_next_dist_compiled_react-dom_08ibudp._.js:8689:33)
    at recursivelyTraversePassiveMountEffects (http://localhost:3000/_next/static/chunks/0e4n_next_dist_compiled_react-dom_08ibudp._.js:8676:316)
    at commitPassiveMountOnFiber (http://localhost:3000/_next/static/chunks/0e4n_next_dist_compiled_react-dom_08ibudp._.js:8750:17)
    at recursivelyTraversePassiveMountEffects (http://localhost:3000/_next/static/chunks/0e4n_next_dist_compiled_react-dom_08ibudp._.js:8676:316)
    at commitPassiveMountOnFiber (http://localhost:3000/_next/static/chunks/0e4n_next_dist_compiled_react-dom_08ibudp._.js:8750:17)
    at recursivelyTraversePassiveMountEffects (http://localhost:3000/_next/static/chunks/0e4n_next_dist_compiled_react-dom_08ibudp._.js:8676:316)
    at commitPassiveMountOnFiber (http://localhost:3000/_next/static/chunks/0e4n_next_dist_compiled_react-dom_08ibudp._.js:8688:17)
    at recursivelyTraversePassiveMountEffects (http://localhost:3000/_next/static/chunks/0e4n_next_dist_compiled_react-dom_08ibudp._.js:8676:316)
    at commitPassiveMountOnFiber (http://localhost:3000/_next/static/chunks/0e4n_next_dist_compiled_react-dom_08ibudp._.js:8688:17)
    at recursivelyTraversePassiveMountEffects (http://localhost:3000/_next/static/chunks/0e4n_next_dist_compiled_react-dom_08ibudp._.js:8676:316)
    at commitPassiveMountOnFiber (http://localhost:3000/_next/static/chunks/0e4n_next_dist_compiled_react-dom_08ibudp._.js:8688:17)
    at recursivelyTraversePassiveMountEffects (http://localhost:3000/_next/static/chunks/0e4n_next_dist_compiled_react-dom_08ibudp._.js:8676:316)
    at commitPassiveMountOnFiber (http://localhost:3000/_next/static/chunks/0e4n_next_dist_compiled_react-dom_08ibudp._.js:8750:17)
    at recursivelyTraversePassiveMountEffects (http://localhost:3000/_next/static/chunks/0e4n_next_dist_compiled_react-dom_08ibudp._.js:8676:316)
    at commitPassiveMountOnFiber (http://localhost:3000/_next/static/chunks/0e4n_next_dist_compiled_react-dom_08ibudp._.js:8750:17)
    at recursivelyTraversePassiveMountEffects (http://localhost:3000/_next/static/chunks/0e4n_next_dist_compiled_react-dom_08ibudp._.js:8676:316)
    at commitPassiveMountOnFiber (http://localhost:3000/_next/static/chunks/0e4n_next_dist_compiled_react-dom_08ibudp._.js:8688:17)
    at recursivelyTraversePassiveMountEffects (http://localhost:3000/_next/static/chunks/0e4n_next_dist_compiled_react-dom_08ibudp._.js:8676:316)
    at commitPassiveMountOnFiber (http://localhost:3000/_next/static/chunks/0e4n_next_dist_compiled_react-dom_08ibudp._.js:8693:17)
    at recursivelyTraversePassiveMountEffects (http://localhost:3000/_next/static/chunks/0e4n_next_dist_compiled_react-dom_08ibudp._.js:8676:316)
    at commitPassiveMountOnFiber (http://localhost:3000/_next/static/chunks/0e4n_next_dist_compiled_react-dom_08ibudp._.js:8688:17)
    at recursivelyTraversePassiveMountEffects (http://localhost:3000/_next/static/chunks/0e4n_next_dist_compiled_react-dom_08ibudp._.js:8676:316)
    at commitPassiveMountOnFiber (http://localhost:3000/_next/static/chunks/0e4n_next_dist_compiled_react-dom_08ibudp._.js:8688:17)
    at recursivelyTraversePassiveMountEffects (http://localhost:3000/_next/static/chunks/0e4n_next_dist_compiled_react-dom_08ibudp._.js:8676:316)
    at commitPassiveMountOnFiber (http://localhost:3000/_next/static/chunks/0e4n_next_dist_compiled_react-dom_08ibudp._.js:8688:17)
    at recursivelyTraversePassiveMountEffects (http://localhost:3000/_next/static/chunks/0e4n_next_dist_compiled_react-dom_08ibudp._.js:8676:316)
    at commitPassiveMountOnFiber (http://localhost:3000/_next/static/chunks/0e4n_next_dist_compiled_react-dom_08ibudp._.js:8688:17)
    at recursivelyTraversePassiveMountEffects (http://localhost:3000/_next/static/chunks/0e4n_next_dist_compiled_react-dom_08ibudp._.js:8676:316)
    at commitPassiveMountOnFiber (http://localhost:3000/_next/static/chunks/0e4n_next_dist_compiled_react-dom_08ibudp._.js:8693:17)
    at recursivelyTraversePassiveMountEffects (http://localhost:3000/_next/static/chunks/0e4n_next_dist_compiled_react-dom_08ibudp._.js:8676:316)
    at commitPassiveMountOnFiber (http://localhost:3000/_next/static/chunks/0e4n_next_dist_compiled_react-dom_08ibudp._.js:8688:17)
    at recursivelyTraversePassiveMountEffects (http://localhost:3000/_next/static/chunks/0e4n_next_dist_compiled_react-dom_08ibudp._.js:8676:316)
    at commitPassiveMountOnFiber (http://localhost:3000/_next/static/chunks/0e4n_next_dist_compiled_react-dom_08ibudp._.js:8688:17)
    at recursivelyTraversePassiveMountEffects (http://localhost:3000/_next/static/chunks/0e4n_next_dist_compiled_react-dom_08ibudp._.js:8676:316)
    at commitPassiveMountOnFiber (http://localhost:3000/_next/static/chunks/0e4n_next_dist_compiled_react-dom_08ibudp._.js:8750:17)
    at recursivelyTraversePassiveMountEffects (http://localhost:3000/_next/static/chunks/0e4n_next_dist_compiled_react-dom_08ibudp._.js:8676:316)
    at commitPassiveMountOnFiber (http://localhost:3000/_next/static/chunks/0e4n_next_dist_compiled_react-dom_08ibudp._.js:8750:17)
[68204341ms] [LOG] [Fast Refresh] rebuilding @ http://localhost:3000/_next/static/chunks/0e4n_next_dist_0fykpjn._.js:2431
[68204342ms] [WARNING] [Fast Refresh] performing full reload because your application had an unrecoverable error @ http://localhost:3000/_next/static/chunks/0e4n_next_dist_0fykpjn._.js:2431
[68204369ms] [LOG] [Fast Refresh] done in 47ms @ http://localhost:3000/_next/static/chunks/0e4n_next_dist_0fykpjn._.js:2431
[68204475ms] [INFO] %cDownload the React DevTools for a better development experience: https://react.dev/link/react-devtools font-weight:bold @ http://localhost:3000/_next/static/chunks/0e4n_next_dist_0fykpjn._.js:2431
[68204490ms] [LOG] [HMR] connected @ http://localhost:3000/_next/static/chunks/0e4n_next_dist_0fykpjn._.js:2431
[68204545ms] TypeError: Cannot read properties of undefined (reading 'doc')
    at createDecorations (http://localhost:3000/_next/static/chunks/0e4n_0c8mr0z._.js:21803:22)
    at Plugin.init (http://localhost:3000/_next/static/chunks/0e4n_0c8mr0z._.js:21849:24)
    at EditorState.reconfigure (http://localhost:3000/_next/static/chunks/0e4n_0c8mr0z._.js:8819:81)
    at Editor.createView (http://localhost:3000/_next/static/chunks/0e4n_%40tiptap_core_dist_0cw34ka._.js:5143:37)
    at Editor.mount (http://localhost:3000/_next/static/chunks/0e4n_%40tiptap_core_dist_0cw34ka._.js:4844:14)
    at new Editor (http://localhost:3000/_next/static/chunks/0e4n_%40tiptap_core_dist_0cw34ka._.js:4835:18)
    at _EditorInstanceManager.createEditor (http://localhost:3000/_next/static/chunks/0e4n_0c8mr0z._.js:11313:24)
    at _EditorInstanceManager.refreshEditorInstance (http://localhost:3000/_next/static/chunks/0e4n_0c8mr0z._.js:11409:29)
    at http://localhost:3000/_next/static/chunks/0e4n_0c8mr0z._.js:11385:22
    at Object.react_stack_bottom_frame (http://localhost:3000/_next/static/chunks/0e4n_next_dist_compiled_react-dom_08ibudp._.js:15087:22)
    at runWithFiberInDEV (http://localhost:3000/_next/static/chunks/0e4n_next_dist_compiled_react-dom_08ibudp._.js:965:74)
    at commitHookEffectListMount (http://localhost:3000/_next/static/chunks/0e4n_next_dist_compiled_react-dom_08ibudp._.js:7255:167)
    at commitHookPassiveMountEffects (http://localhost:3000/_next/static/chunks/0e4n_next_dist_compiled_react-dom_08ibudp._.js:7290:60)
    at commitPassiveMountOnFiber (http://localhost:3000/_next/static/chunks/0e4n_next_dist_compiled_react-dom_08ibudp._.js:8689:33)
    at recursivelyTraversePassiveMountEffects (http://localhost:3000/_next/static/chunks/0e4n_next_dist_compiled_react-dom_08ibudp._.js:8676:316)
    at commitPassiveMountOnFiber (http://localhost:3000/_next/static/chunks/0e4n_next_dist_compiled_react-dom_08ibudp._.js:8750:17)
    at recursivelyTraversePassiveMountEffects (http://localhost:3000/_next/static/chunks/0e4n_next_dist_compiled_react-dom_08ibudp._.js:8676:316)
    at commitPassiveMountOnFiber (http://localhost:3000/_next/static/chunks/0e4n_next_dist_compiled_react-dom_08ibudp._.js:8750:17)
    at recursivelyTraversePassiveMountEffects (http://localhost:3000/_next/static/chunks/0e4n_next_dist_compiled_react-dom_08ibudp._.js:8676:316)
    at commitPassiveMountOnFiber (http://localhost:3000/_next/static/chunks/0e4n_next_dist_compiled_react-dom_08ibudp._.js:8688:17)
    at recursivelyTraversePassiveMountEffects (http://localhost:3000/_next/static/chunks/0e4n_next_dist_compiled_react-dom_08ibudp._.js:8676:316)
    at commitPassiveMountOnFiber (http://localhost:3000/_next/static/chunks/0e4n_next_dist_compiled_react-dom_08ibudp._.js:8688:17)
    at recursivelyTraversePassiveMountEffects (http://localhost:3000/_next/static/chunks/0e4n_next_dist_compiled_react-dom_08ibudp._.js:8676:316)
    at commitPassiveMountOnFiber (http://localhost:3000/_next/static/chunks/0e4n_next_dist_compiled_react-dom_08ibudp._.js:8688:17)
    at recursivelyTraversePassiveMountEffects (http://localhost:3000/_next/static/chunks/0e4n_next_dist_compiled_react-dom_08ibudp._.js:8676:316)
    at commitPassiveMountOnFiber (http://localhost:3000/_next/static/chunks/0e4n_next_dist_compiled_react-dom_08ibudp._.js:8750:17)
    at recursivelyTraversePassiveMountEffects (http://localhost:3000/_next/static/chunks/0e4n_next_dist_compiled_react-dom_08ibudp._.js:8676:316)
    at commitPassiveMountOnFiber (http://localhost:3000/_next/static/chunks/0e4n_next_dist_compiled_react-dom_08ibudp._.js:8750:17)
    at recursivelyTraversePassiveMountEffects (http://localhost:3000/_next/static/chunks/0e4n_next_dist_compiled_react-dom_08ibudp._.js:8676:316)
    at commitPassiveMountOnFiber (http://localhost:3000/_next/static/chunks/0e4n_next_dist_compiled_react-dom_08ibudp._.js:8688:17)
    at recursivelyTraversePassiveMountEffects (http://localhost:3000/_next/static/chunks/0e4n_next_dist_compiled_react-dom_08ibudp._.js:8676:316)
    at commitPassiveMountOnFiber (http://localhost:3000/_next/static/chunks/0e4n_next_dist_compiled_react-dom_08ibudp._.js:8693:17)
    at recursivelyTraversePassiveMountEffects (http://localhost:3000/_next/static/chunks/0e4n_next_dist_compiled_react-dom_08ibudp._.js:8676:316)
    at commitPassiveMountOnFiber (http://localhost:3000/_next/static/chunks/0e4n_next_dist_compiled_react-dom_08ibudp._.js:8688:17)
    at recursivelyTraversePassiveMountEffects (http://localhost:3000/_next/static/chunks/0e4n_next_dist_compiled_react-dom_08ibudp._.js:8676:316)
    at commitPassiveMountOnFiber (http://localhost:3000/_next/static/chunks/0e4n_next_dist_compiled_react-dom_08ibudp._.js:8688:17)
    at recursivelyTraversePassiveMountEffects (http://localhost:3000/_next/static/chunks/0e4n_next_dist_compiled_react-dom_08ibudp._.js:8676:316)
    at commitPassiveMountOnFiber (http://localhost:3000/_next/static/chunks/0e4n_next_dist_compiled_react-dom_08ibudp._.js:8688:17)
    at recursivelyTraversePassiveMountEffects (http://localhost:3000/_next/static/chunks/0e4n_next_dist_compiled_react-dom_08ibudp._.js:8676:316)
    at commitPassiveMountOnFiber (http://localhost:3000/_next/static/chunks/0e4n_next_dist_compiled_react-dom_08ibudp._.js:8688:17)
    at recursivelyTraversePassiveMountEffects (http://localhost:3000/_next/static/chunks/0e4n_next_dist_compiled_react-dom_08ibudp._.js:8676:316)
    at commitPassiveMountOnFiber (http://localhost:3000/_next/static/chunks/0e4n_next_dist_compiled_react-dom_08ibudp._.js:8693:17)
    at recursivelyTraversePassiveMountEffects (http://localhost:3000/_next/static/chunks/0e4n_next_dist_compiled_react-dom_08ibudp._.js:8676:316)
    at commitPassiveMountOnFiber (http://localhost:3000/_next/static/chunks/0e4n_next_dist_compiled_react-dom_08ibudp._.js:8688:17)
    at recursivelyTraversePassiveMountEffects (http://localhost:3000/_next/static/chunks/0e4n_next_dist_compiled_react-dom_08ibudp._.js:8676:316)
    at commitPassiveMountOnFiber (http://localhost:3000/_next/static/chunks/0e4n_next_dist_compiled_react-dom_08ibudp._.js:8688:17)
    at recursivelyTraversePassiveMountEffects (http://localhost:3000/_next/static/chunks/0e4n_next_dist_compiled_react-dom_08ibudp._.js:8676:316)
    at commitPassiveMountOnFiber (http://localhost:3000/_next/static/chunks/0e4n_next_dist_compiled_react-dom_08ibudp._.js:8750:17)
    at recursivelyTraversePassiveMountEffects (http://localhost:3000/_next/static/chunks/0e4n_next_dist_compiled_react-dom_08ibudp._.js:8676:316)
    at commitPassiveMountOnFiber (http://localhost:3000/_next/static/chunks/0e4n_next_dist_compiled_react-dom_08ibudp._.js:8750:17)
[68214182ms] [LOG] [Fast Refresh] rebuilding @ http://localhost:3000/_next/static/chunks/0e4n_next_dist_0fykpjn._.js:2431
[68214402ms] [WARNING] [Fast Refresh] performing full reload because your application had an unrecoverable error @ http://localhost:3000/_next/static/chunks/0e4n_next_dist_0fykpjn._.js:2431
[68214473ms] [LOG] [Fast Refresh] done in 320ms @ http://localhost:3000/_next/static/chunks/0e4n_next_dist_0fykpjn._.js:2431
[68214555ms] [WARNING] [Fast Refresh] performing full reload because your application had an unrecoverable error @ http://localhost:3000/_next/static/chunks/0e4n_next_dist_0fykpjn._.js:2431
[68214759ms] [INFO] %cDownload the React DevTools for a better development experience: https://react.dev/link/react-devtools font-weight:bold @ http://localhost:3000/_next/static/chunks/0e4n_next_dist_0fykpjn._.js:2431
[68214779ms] [LOG] [HMR] connected @ http://localhost:3000/_next/static/chunks/0e4n_next_dist_0fykpjn._.js:2431
[68214881ms] TypeError: Cannot read properties of undefined (reading 'doc')
    at createDecorations (http://localhost:3000/_next/static/chunks/0e4n_06-un~w._.js:21576:22)
    at Plugin.init (http://localhost:3000/_next/static/chunks/0e4n_06-un~w._.js:21622:24)
    at EditorState.reconfigure (http://localhost:3000/_next/static/chunks/0e4n_06-un~w._.js:8592:81)
    at Editor.createView (http://localhost:3000/_next/static/chunks/0e4n_%40tiptap_core_dist_0cw34ka._.js:5143:37)
    at Editor.mount (http://localhost:3000/_next/static/chunks/0e4n_%40tiptap_core_dist_0cw34ka._.js:4844:14)
    at new Editor (http://localhost:3000/_next/static/chunks/0e4n_%40tiptap_core_dist_0cw34ka._.js:4835:18)
    at _EditorInstanceManager.createEditor (http://localhost:3000/_next/static/chunks/0e4n_06-un~w._.js:11086:24)
    at _EditorInstanceManager.refreshEditorInstance (http://localhost:3000/_next/static/chunks/0e4n_06-un~w._.js:11182:29)
    at http://localhost:3000/_next/static/chunks/0e4n_06-un~w._.js:11158:22
    at Object.react_stack_bottom_frame (http://localhost:3000/_next/static/chunks/0e4n_next_dist_compiled_react-dom_08ibudp._.js:15087:22)
    at runWithFiberInDEV (http://localhost:3000/_next/static/chunks/0e4n_next_dist_compiled_react-dom_08ibudp._.js:965:74)
    at commitHookEffectListMount (http://localhost:3000/_next/static/chunks/0e4n_next_dist_compiled_react-dom_08ibudp._.js:7255:167)
    at commitHookPassiveMountEffects (http://localhost:3000/_next/static/chunks/0e4n_next_dist_compiled_react-dom_08ibudp._.js:7290:60)
    at commitPassiveMountOnFiber (http://localhost:3000/_next/static/chunks/0e4n_next_dist_compiled_react-dom_08ibudp._.js:8689:33)
    at recursivelyTraversePassiveMountEffects (http://localhost:3000/_next/static/chunks/0e4n_next_dist_compiled_react-dom_08ibudp._.js:8676:316)
    at commitPassiveMountOnFiber (http://localhost:3000/_next/static/chunks/0e4n_next_dist_compiled_react-dom_08ibudp._.js:8750:17)
    at recursivelyTraversePassiveMountEffects (http://localhost:3000/_next/static/chunks/0e4n_next_dist_compiled_react-dom_08ibudp._.js:8676:316)
    at commitPassiveMountOnFiber (http://localhost:3000/_next/static/chunks/0e4n_next_dist_compiled_react-dom_08ibudp._.js:8750:17)
    at recursivelyTraversePassiveMountEffects (http://localhost:3000/_next/static/chunks/0e4n_next_dist_compiled_react-dom_08ibudp._.js:8676:316)
    at commitPassiveMountOnFiber (http://localhost:3000/_next/static/chunks/0e4n_next_dist_compiled_react-dom_08ibudp._.js:8688:17)
    at recursivelyTraversePassiveMountEffects (http://localhost:3000/_next/static/chunks/0e4n_next_dist_compiled_react-dom_08ibudp._.js:8676:316)
    at commitPassiveMountOnFiber (http://localhost:3000/_next/static/chunks/0e4n_next_dist_compiled_react-dom_08ibudp._.js:8688:17)
    at recursivelyTraversePassiveMountEffects (http://localhost:3000/_next/static/chunks/0e4n_next_dist_compiled_react-dom_08ibudp._.js:8676:316)
    at commitPassiveMountOnFiber (http://localhost:3000/_next/static/chunks/0e4n_next_dist_compiled_react-dom_08ibudp._.js:8688:17)
    at recursivelyTraversePassiveMountEffects (http://localhost:3000/_next/static/chunks/0e4n_next_dist_compiled_react-dom_08ibudp._.js:8676:316)
    at commitPassiveMountOnFiber (http://localhost:3000/_next/static/chunks/0e4n_next_dist_compiled_react-dom_08ibudp._.js:8750:17)
    at recursivelyTraversePassiveMountEffects (http://localhost:3000/_next/static/chunks/0e4n_next_dist_compiled_react-dom_08ibudp._.js:8676:316)
    at commitPassiveMountOnFiber (http://localhost:3000/_next/static/chunks/0e4n_next_dist_compiled_react-dom_08ibudp._.js:8750:17)
    at recursivelyTraversePassiveMountEffects (http://localhost:3000/_next/static/chunks/0e4n_next_dist_compiled_react-dom_08ibudp._.js:8676:316)
    at commitPassiveMountOnFiber (http://localhost:3000/_next/static/chunks/0e4n_next_dist_compiled_react-dom_08ibudp._.js:8688:17)
    at recursivelyTraversePassiveMountEffects (http://localhost:3000/_next/static/chunks/0e4n_next_dist_compiled_react-dom_08ibudp._.js:8676:316)
    at commitPassiveMountOnFiber (http://localhost:3000/_next/static/chunks/0e4n_next_dist_compiled_react-dom_08ibudp._.js:8693:17)
    at recursivelyTraversePassiveMountEffects (http://localhost:3000/_next/static/chunks/0e4n_next_dist_compiled_react-dom_08ibudp._.js:8676:316)
    at commitPassiveMountOnFiber (http://localhost:3000/_next/static/chunks/0e4n_next_dist_compiled_react-dom_08ibudp._.js:8688:17)
    at recursivelyTraversePassiveMountEffects (http://localhost:3000/_next/static/chunks/0e4n_next_dist_compiled_react-dom_08ibudp._.js:8676:316)
    at commitPassiveMountOnFiber (http://localhost:3000/_next/static/chunks/0e4n_next_dist_compiled_react-dom_08ibudp._.js:8688:17)
    at recursivelyTraversePassiveMountEffects (http://localhost:3000/_next/static/chunks/0e4n_next_dist_compiled_react-dom_08ibudp._.js:8676:316)
    at commitPassiveMountOnFiber (http://localhost:3000/_next/static/chunks/0e4n_next_dist_compiled_react-dom_08ibudp._.js:8688:17)
    at recursivelyTraversePassiveMountEffects (http://localhost:3000/_next/static/chunks/0e4n_next_dist_compiled_react-dom_08ibudp._.js:8676:316)
    at commitPassiveMountOnFiber (http://localhost:3000/_next/static/chunks/0e4n_next_dist_compiled_react-dom_08ibudp._.js:8688:17)
    at recursivelyTraversePassiveMountEffects (http://localhost:3000/_next/static/chunks/0e4n_next_dist_compiled_react-dom_08ibudp._.js:8676:316)
    at commitPassiveMountOnFiber (http://localhost:3000/_next/static/chunks/0e4n_next_dist_compiled_react-dom_08ibudp._.js:8693:17)
    at recursivelyTraversePassiveMountEffects (http://localhost:3000/_next/static/chunks/0e4n_next_dist_compiled_react-dom_08ibudp._.js:8676:316)
    at commitPassiveMountOnFiber (http://localhost:3000/_next/static/chunks/0e4n_next_dist_compiled_react-dom_08ibudp._.js:8688:17)
    at recursivelyTraversePassiveMountEffects (http://localhost:3000/_next/static/chunks/0e4n_next_dist_compiled_react-dom_08ibudp._.js:8676:316)
    at commitPassiveMountOnFiber (http://localhost:3000/_next/static/chunks/0e4n_next_dist_compiled_react-dom_08ibudp._.js:8688:17)
    at recursivelyTraversePassiveMountEffects (http://localhost:3000/_next/static/chunks/0e4n_next_dist_compiled_react-dom_08ibudp._.js:8676:316)
    at commitPassiveMountOnFiber (http://localhost:3000/_next/static/chunks/0e4n_next_dist_compiled_react-dom_08ibudp._.js:8750:17)
    at recursivelyTraversePassiveMountEffects (http://localhost:3000/_next/static/chunks/0e4n_next_dist_compiled_react-dom_08ibudp._.js:8676:316)
    at commitPassiveMountOnFiber (http://localhost:3000/_next/static/chunks/0e4n_next_dist_compiled_react-dom_08ibudp._.js:8750:17)
[68222208ms] [LOG] [Fast Refresh] rebuilding @ http://localhost:3000/_next/static/chunks/0e4n_next_dist_0fykpjn._.js:2431
[68222210ms] [WARNING] [Fast Refresh] performing full reload because your application had an unrecoverable error @ http://localhost:3000/_next/static/chunks/0e4n_next_dist_0fykpjn._.js:2431
[68222234ms] [LOG] [Fast Refresh] done in 48ms @ http://localhost:3000/_next/static/chunks/0e4n_next_dist_0fykpjn._.js:2431
[68222314ms] [INFO] %cDownload the React DevTools for a better development experience: https://react.dev/link/react-devtools font-weight:bold @ http://localhost:3000/_next/static/chunks/0e4n_next_dist_0fykpjn._.js:2431
[68222327ms] [LOG] [HMR] connected @ http://localhost:3000/_next/static/chunks/0e4n_next_dist_0fykpjn._.js:2431
[68222391ms] TypeError: Cannot read properties of undefined (reading 'doc')
    at createDecorations (http://localhost:3000/_next/static/chunks/0e4n_06-un~w._.js:21576:22)
    at Plugin.init (http://localhost:3000/_next/static/chunks/0e4n_06-un~w._.js:21622:24)
    at EditorState.reconfigure (http://localhost:3000/_next/static/chunks/0e4n_06-un~w._.js:8592:81)
    at Editor.createView (http://localhost:3000/_next/static/chunks/0e4n_%40tiptap_core_dist_0cw34ka._.js:5143:37)
    at Editor.mount (http://localhost:3000/_next/static/chunks/0e4n_%40tiptap_core_dist_0cw34ka._.js:4844:14)
    at new Editor (http://localhost:3000/_next/static/chunks/0e4n_%40tiptap_core_dist_0cw34ka._.js:4835:18)
    at _EditorInstanceManager.createEditor (http://localhost:3000/_next/static/chunks/0e4n_06-un~w._.js:11086:24)
    at _EditorInstanceManager.refreshEditorInstance (http://localhost:3000/_next/static/chunks/0e4n_06-un~w._.js:11182:29)
    at http://localhost:3000/_next/static/chunks/0e4n_06-un~w._.js:11158:22
    at Object.react_stack_bottom_frame (http://localhost:3000/_next/static/chunks/0e4n_next_dist_compiled_react-dom_08ibudp._.js:15087:22)
    at runWithFiberInDEV (http://localhost:3000/_next/static/chunks/0e4n_next_dist_compiled_react-dom_08ibudp._.js:965:74)
    at commitHookEffectListMount (http://localhost:3000/_next/static/chunks/0e4n_next_dist_compiled_react-dom_08ibudp._.js:7255:167)
    at commitHookPassiveMountEffects (http://localhost:3000/_next/static/chunks/0e4n_next_dist_compiled_react-dom_08ibudp._.js:7290:60)
    at commitPassiveMountOnFiber (http://localhost:3000/_next/static/chunks/0e4n_next_dist_compiled_react-dom_08ibudp._.js:8689:33)
    at recursivelyTraversePassiveMountEffects (http://localhost:3000/_next/static/chunks/0e4n_next_dist_compiled_react-dom_08ibudp._.js:8676:316)
    at commitPassiveMountOnFiber (http://localhost:3000/_next/static/chunks/0e4n_next_dist_compiled_react-dom_08ibudp._.js:8750:17)
    at recursivelyTraversePassiveMountEffects (http://localhost:3000/_next/static/chunks/0e4n_next_dist_compiled_react-dom_08ibudp._.js:8676:316)
    at commitPassiveMountOnFiber (http://localhost:3000/_next/static/chunks/0e4n_next_dist_compiled_react-dom_08ibudp._.js:8750:17)
    at recursivelyTraversePassiveMountEffects (http://localhost:3000/_next/static/chunks/0e4n_next_dist_compiled_react-dom_08ibudp._.js:8676:316)
    at commitPassiveMountOnFiber (http://localhost:3000/_next/static/chunks/0e4n_next_dist_compiled_react-dom_08ibudp._.js:8688:17)
    at recursivelyTraversePassiveMountEffects (http://localhost:3000/_next/static/chunks/0e4n_next_dist_compiled_react-dom_08ibudp._.js:8676:316)
    at commitPassiveMountOnFiber (http://localhost:3000/_next/static/chunks/0e4n_next_dist_compiled_react-dom_08ibudp._.js:8688:17)
    at recursivelyTraversePassiveMountEffects (http://localhost:3000/_next/static/chunks/0e4n_next_dist_compiled_react-dom_08ibudp._.js:8676:316)
    at commitPassiveMountOnFiber (http://localhost:3000/_next/static/chunks/0e4n_next_dist_compiled_react-dom_08ibudp._.js:8688:17)
    at recursivelyTraversePassiveMountEffects (http://localhost:3000/_next/static/chunks/0e4n_next_dist_compiled_react-dom_08ibudp._.js:8676:316)
    at commitPassiveMountOnFiber (http://localhost:3000/_next/static/chunks/0e4n_next_dist_compiled_react-dom_08ibudp._.js:8750:17)
    at recursivelyTraversePassiveMountEffects (http://localhost:3000/_next/static/chunks/0e4n_next_dist_compiled_react-dom_08ibudp._.js:8676:316)
    at commitPassiveMountOnFiber (http://localhost:3000/_next/static/chunks/0e4n_next_dist_compiled_react-dom_08ibudp._.js:8750:17)
    at recursivelyTraversePassiveMountEffects (http://localhost:3000/_next/static/chunks/0e4n_next_dist_compiled_react-dom_08ibudp._.js:8676:316)
    at commitPassiveMountOnFiber (http://localhost:3000/_next/static/chunks/0e4n_next_dist_compiled_react-dom_08ibudp._.js:8688:17)
    at recursivelyTraversePassiveMountEffects (http://localhost:3000/_next/static/chunks/0e4n_next_dist_compiled_react-dom_08ibudp._.js:8676:316)
    at commitPassiveMountOnFiber (http://localhost:3000/_next/static/chunks/0e4n_next_dist_compiled_react-dom_08ibudp._.js:8693:17)
    at recursivelyTraversePassiveMountEffects (http://localhost:3000/_next/static/chunks/0e4n_next_dist_compiled_react-dom_08ibudp._.js:8676:316)
    at commitPassiveMountOnFiber (http://localhost:3000/_next/static/chunks/0e4n_next_dist_compiled_react-dom_08ibudp._.js:8688:17)
    at recursivelyTraversePassiveMountEffects (http://localhost:3000/_next/static/chunks/0e4n_next_dist_compiled_react-dom_08ibudp._.js:8676:316)
    at commitPassiveMountOnFiber (http://localhost:3000/_next/static/chunks/0e4n_next_dist_compiled_react-dom_08ibudp._.js:8688:17)
    at recursivelyTraversePassiveMountEffects (http://localhost:3000/_next/static/chunks/0e4n_next_dist_compiled_react-dom_08ibudp._.js:8676:316)
    at commitPassiveMountOnFiber (http://localhost:3000/_next/static/chunks/0e4n_next_dist_compiled_react-dom_08ibudp._.js:8688:17)
    at recursivelyTraversePassiveMountEffects (http://localhost:3000/_next/static/chunks/0e4n_next_dist_compiled_react-dom_08ibudp._.js:8676:316)
    at commitPassiveMountOnFiber (http://localhost:3000/_next/static/chunks/0e4n_next_dist_compiled_react-dom_08ibudp._.js:8688:17)
    at recursivelyTraversePassiveMountEffects (http://localhost:3000/_next/static/chunks/0e4n_next_dist_compiled_react-dom_08ibudp._.js:8676:316)
    at commitPassiveMountOnFiber (http://localhost:3000/_next/static/chunks/0e4n_next_dist_compiled_react-dom_08ibudp._.js:8693:17)
    at recursivelyTraversePassiveMountEffects (http://localhost:3000/_next/static/chunks/0e4n_next_dist_compiled_react-dom_08ibudp._.js:8676:316)
    at commitPassiveMountOnFiber (http://localhost:3000/_next/static/chunks/0e4n_next_dist_compiled_react-dom_08ibudp._.js:8688:17)
    at recursivelyTraversePassiveMountEffects (http://localhost:3000/_next/static/chunks/0e4n_next_dist_compiled_react-dom_08ibudp._.js:8676:316)
    at commitPassiveMountOnFiber (http://localhost:3000/_next/static/chunks/0e4n_next_dist_compiled_react-dom_08ibudp._.js:8688:17)
    at recursivelyTraversePassiveMountEffects (http://localhost:3000/_next/static/chunks/0e4n_next_dist_compiled_react-dom_08ibudp._.js:8676:316)
    at commitPassiveMountOnFiber (http://localhost:3000/_next/static/chunks/0e4n_next_dist_compiled_react-dom_08ibudp._.js:8750:17)
    at recursivelyTraversePassiveMountEffects (http://localhost:3000/_next/static/chunks/0e4n_next_dist_compiled_react-dom_08ibudp._.js:8676:316)
    at commitPassiveMountOnFiber (http://localhost:3000/_next/static/chunks/0e4n_next_dist_compiled_react-dom_08ibudp._.js:8750:17)
[68229620ms] [LOG] [Fast Refresh] rebuilding @ http://localhost:3000/_next/static/chunks/0e4n_next_dist_0fykpjn._.js:2431
[68229622ms] [WARNING] [Fast Refresh] performing full reload because your application had an unrecoverable error @ http://localhost:3000/_next/static/chunks/0e4n_next_dist_0fykpjn._.js:2431
[68229648ms] [LOG] [Fast Refresh] done in 52ms @ http://localhost:3000/_next/static/chunks/0e4n_next_dist_0fykpjn._.js:2431
[68229715ms] [INFO] %cDownload the React DevTools for a better development experience: https://react.dev/link/react-devtools font-weight:bold @ http://localhost:3000/_next/static/chunks/0e4n_next_dist_0fykpjn._.js:2431
[68229726ms] [LOG] [HMR] connected @ http://localhost:3000/_next/static/chunks/0e4n_next_dist_0fykpjn._.js:2431
[68229789ms] TypeError: Cannot read properties of undefined (reading 'doc')
    at createDecorations (http://localhost:3000/_next/static/chunks/0e4n_06-un~w._.js:21576:22)
    at Plugin.init (http://localhost:3000/_next/static/chunks/0e4n_06-un~w._.js:21622:24)
    at EditorState.reconfigure (http://localhost:3000/_next/static/chunks/0e4n_06-un~w._.js:8592:81)
    at Editor.createView (http://localhost:3000/_next/static/chunks/0e4n_%40tiptap_core_dist_0cw34ka._.js:5143:37)
    at Editor.mount (http://localhost:3000/_next/static/chunks/0e4n_%40tiptap_core_dist_0cw34ka._.js:4844:14)
    at new Editor (http://localhost:3000/_next/static/chunks/0e4n_%40tiptap_core_dist_0cw34ka._.js:4835:18)
    at _EditorInstanceManager.createEditor (http://localhost:3000/_next/static/chunks/0e4n_06-un~w._.js:11086:24)
    at _EditorInstanceManager.refreshEditorInstance (http://localhost:3000/_next/static/chunks/0e4n_06-un~w._.js:11182:29)
    at http://localhost:3000/_next/static/chunks/0e4n_06-un~w._.js:11158:22
    at Object.react_stack_bottom_frame (http://localhost:3000/_next/static/chunks/0e4n_next_dist_compiled_react-dom_08ibudp._.js:15087:22)
    at runWithFiberInDEV (http://localhost:3000/_next/static/chunks/0e4n_next_dist_compiled_react-dom_08ibudp._.js:965:74)
    at commitHookEffectListMount (http://localhost:3000/_next/static/chunks/0e4n_next_dist_compiled_react-dom_08ibudp._.js:7255:167)
    at commitHookPassiveMountEffects (http://localhost:3000/_next/static/chunks/0e4n_next_dist_compiled_react-dom_08ibudp._.js:7290:60)
    at commitPassiveMountOnFiber (http://localhost:3000/_next/static/chunks/0e4n_next_dist_compiled_react-dom_08ibudp._.js:8689:33)
    at recursivelyTraversePassiveMountEffects (http://localhost:3000/_next/static/chunks/0e4n_next_dist_compiled_react-dom_08ibudp._.js:8676:316)
    at commitPassiveMountOnFiber (http://localhost:3000/_next/static/chunks/0e4n_next_dist_compiled_react-dom_08ibudp._.js:8750:17)
    at recursivelyTraversePassiveMountEffects (http://localhost:3000/_next/static/chunks/0e4n_next_dist_compiled_react-dom_08ibudp._.js:8676:316)
    at commitPassiveMountOnFiber (http://localhost:3000/_next/static/chunks/0e4n_next_dist_compiled_react-dom_08ibudp._.js:8750:17)
    at recursivelyTraversePassiveMountEffects (http://localhost:3000/_next/static/chunks/0e4n_next_dist_compiled_react-dom_08ibudp._.js:8676:316)
    at commitPassiveMountOnFiber (http://localhost:3000/_next/static/chunks/0e4n_next_dist_compiled_react-dom_08ibudp._.js:8688:17)
    at recursivelyTraversePassiveMountEffects (http://localhost:3000/_next/static/chunks/0e4n_next_dist_compiled_react-dom_08ibudp._.js:8676:316)
    at commitPassiveMountOnFiber (http://localhost:3000/_next/static/chunks/0e4n_next_dist_compiled_react-dom_08ibudp._.js:8688:17)
    at recursivelyTraversePassiveMountEffects (http://localhost:3000/_next/static/chunks/0e4n_next_dist_compiled_react-dom_08ibudp._.js:8676:316)
    at commitPassiveMountOnFiber (http://localhost:3000/_next/static/chunks/0e4n_next_dist_compiled_react-dom_08ibudp._.js:8688:17)
    at recursivelyTraversePassiveMountEffects (http://localhost:3000/_next/static/chunks/0e4n_next_dist_compiled_react-dom_08ibudp._.js:8676:316)
    at commitPassiveMountOnFiber (http://localhost:3000/_next/static/chunks/0e4n_next_dist_compiled_react-dom_08ibudp._.js:8750:17)
    at recursivelyTraversePassiveMountEffects (http://localhost:3000/_next/static/chunks/0e4n_next_dist_compiled_react-dom_08ibudp._.js:8676:316)
    at commitPassiveMountOnFiber (http://localhost:3000/_next/static/chunks/0e4n_next_dist_compiled_react-dom_08ibudp._.js:8750:17)
    at recursivelyTraversePassiveMountEffects (http://localhost:3000/_next/static/chunks/0e4n_next_dist_compiled_react-dom_08ibudp._.js:8676:316)
    at commitPassiveMountOnFiber (http://localhost:3000/_next/static/chunks/0e4n_next_dist_compiled_react-dom_08ibudp._.js:8688:17)
    at recursivelyTraversePassiveMountEffects (http://localhost:3000/_next/static/chunks/0e4n_next_dist_compiled_react-dom_08ibudp._.js:8676:316)
    at commitPassiveMountOnFiber (http://localhost:3000/_next/static/chunks/0e4n_next_dist_compiled_react-dom_08ibudp._.js:8693:17)
    at recursivelyTraversePassiveMountEffects (http://localhost:3000/_next/static/chunks/0e4n_next_dist_compiled_react-dom_08ibudp._.js:8676:316)
    at commitPassiveMountOnFiber (http://localhost:3000/_next/static/chunks/0e4n_next_dist_compiled_react-dom_08ibudp._.js:8688:17)
    at recursivelyTraversePassiveMountEffects (http://localhost:3000/_next/static/chunks/0e4n_next_dist_compiled_react-dom_08ibudp._.js:8676:316)
    at commitPassiveMountOnFiber (http://localhost:3000/_next/static/chunks/0e4n_next_dist_compiled_react-dom_08ibudp._.js:8688:17)
    at recursivelyTraversePassiveMountEffects (http://localhost:3000/_next/static/chunks/0e4n_next_dist_compiled_react-dom_08ibudp._.js:8676:316)
    at commitPassiveMountOnFiber (http://localhost:3000/_next/static/chunks/0e4n_next_dist_compiled_react-dom_08ibudp._.js:8688:17)
    at recursivelyTraversePassiveMountEffects (http://localhost:3000/_next/static/chunks/0e4n_next_dist_compiled_react-dom_08ibudp._.js:8676:316)
    at commitPassiveMountOnFiber (http://localhost:3000/_next/static/chunks/0e4n_next_dist_compiled_react-dom_08ibudp._.js:8688:17)
    at recursivelyTraversePassiveMountEffects (http://localhost:3000/_next/static/chunks/0e4n_next_dist_compiled_react-dom_08ibudp._.js:8676:316)
    at commitPassiveMountOnFiber (http://localhost:3000/_next/static/chunks/0e4n_next_dist_compiled_react-dom_08ibudp._.js:8693:17)
    at recursivelyTraversePassiveMountEffects (http://localhost:3000/_next/static/chunks/0e4n_next_dist_compiled_react-dom_08ibudp._.js:8676:316)
    at commitPassiveMountOnFiber (http://localhost:3000/_next/static/chunks/0e4n_next_dist_compiled_react-dom_08ibudp._.js:8688:17)
    at recursivelyTraversePassiveMountEffects (http://localhost:3000/_next/static/chunks/0e4n_next_dist_compiled_react-dom_08ibudp._.js:8676:316)
    at commitPassiveMountOnFiber (http://localhost:3000/_next/static/chunks/0e4n_next_dist_compiled_react-dom_08ibudp._.js:8688:17)
    at recursivelyTraversePassiveMountEffects (http://localhost:3000/_next/static/chunks/0e4n_next_dist_compiled_react-dom_08ibudp._.js:8676:316)
    at commitPassiveMountOnFiber (http://localhost:3000/_next/static/chunks/0e4n_next_dist_compiled_react-dom_08ibudp._.js:8750:17)
    at recursivelyTraversePassiveMountEffects (http://localhost:3000/_next/static/chunks/0e4n_next_dist_compiled_react-dom_08ibudp._.js:8676:316)
    at commitPassiveMountOnFiber (http://localhost:3000/_next/static/chunks/0e4n_next_dist_compiled_react-dom_08ibudp._.js:8750:17)
[68234205ms] [LOG] [Fast Refresh] rebuilding @ http://localhost:3000/_next/static/chunks/0e4n_next_dist_0fykpjn._.js:2431
[68234207ms] [WARNING] [Fast Refresh] performing full reload because your application had an unrecoverable error @ http://localhost:3000/_next/static/chunks/0e4n_next_dist_0fykpjn._.js:2431
[68234232ms] [LOG] [Fast Refresh] done in 33ms @ http://localhost:3000/_next/static/chunks/0e4n_next_dist_0fykpjn._.js:2431
[68234296ms] [INFO] %cDownload the React DevTools for a better development experience: https://react.dev/link/react-devtools font-weight:bold @ http://localhost:3000/_next/static/chunks/0e4n_next_dist_0fykpjn._.js:2431
[68234306ms] [LOG] [HMR] connected @ http://localhost:3000/_next/static/chunks/0e4n_next_dist_0fykpjn._.js:2431
[68234357ms] TypeError: Cannot read properties of undefined (reading 'doc')
    at createDecorations (http://localhost:3000/_next/static/chunks/0e4n_06-un~w._.js:21576:22)
    at Plugin.init (http://localhost:3000/_next/static/chunks/0e4n_06-un~w._.js:21622:24)
    at EditorState.reconfigure (http://localhost:3000/_next/static/chunks/0e4n_06-un~w._.js:8592:81)
    at Editor.createView (http://localhost:3000/_next/static/chunks/0e4n_%40tiptap_core_dist_0cw34ka._.js:5143:37)
    at Editor.mount (http://localhost:3000/_next/static/chunks/0e4n_%40tiptap_core_dist_0cw34ka._.js:4844:14)
    at new Editor (http://localhost:3000/_next/static/chunks/0e4n_%40tiptap_core_dist_0cw34ka._.js:4835:18)
    at _EditorInstanceManager.createEditor (http://localhost:3000/_next/static/chunks/0e4n_06-un~w._.js:11086:24)
    at _EditorInstanceManager.refreshEditorInstance (http://localhost:3000/_next/static/chunks/0e4n_06-un~w._.js:11182:29)
    at http://localhost:3000/_next/static/chunks/0e4n_06-un~w._.js:11158:22
    at Object.react_stack_bottom_frame (http://localhost:3000/_next/static/chunks/0e4n_next_dist_compiled_react-dom_08ibudp._.js:15087:22)
    at runWithFiberInDEV (http://localhost:3000/_next/static/chunks/0e4n_next_dist_compiled_react-dom_08ibudp._.js:965:74)
    at commitHookEffectListMount (http://localhost:3000/_next/static/chunks/0e4n_next_dist_compiled_react-dom_08ibudp._.js:7255:167)
    at commitHookPassiveMountEffects (http://localhost:3000/_next/static/chunks/0e4n_next_dist_compiled_react-dom_08ibudp._.js:7290:60)
    at commitPassiveMountOnFiber (http://localhost:3000/_next/static/chunks/0e4n_next_dist_compiled_react-dom_08ibudp._.js:8689:33)
    at recursivelyTraversePassiveMountEffects (http://localhost:3000/_next/static/chunks/0e4n_next_dist_compiled_react-dom_08ibudp._.js:8676:316)
    at commitPassiveMountOnFiber (http://localhost:3000/_next/static/chunks/0e4n_next_dist_compiled_react-dom_08ibudp._.js:8750:17)
    at recursivelyTraversePassiveMountEffects (http://localhost:3000/_next/static/chunks/0e4n_next_dist_compiled_react-dom_08ibudp._.js:8676:316)
    at commitPassiveMountOnFiber (http://localhost:3000/_next/static/chunks/0e4n_next_dist_compiled_react-dom_08ibudp._.js:8750:17)
    at recursivelyTraversePassiveMountEffects (http://localhost:3000/_next/static/chunks/0e4n_next_dist_compiled_react-dom_08ibudp._.js:8676:316)
    at commitPassiveMountOnFiber (http://localhost:3000/_next/static/chunks/0e4n_next_dist_compiled_react-dom_08ibudp._.js:8688:17)
    at recursivelyTraversePassiveMountEffects (http://localhost:3000/_next/static/chunks/0e4n_next_dist_compiled_react-dom_08ibudp._.js:8676:316)
    at commitPassiveMountOnFiber (http://localhost:3000/_next/static/chunks/0e4n_next_dist_compiled_react-dom_08ibudp._.js:8688:17)
    at recursivelyTraversePassiveMountEffects (http://localhost:3000/_next/static/chunks/0e4n_next_dist_compiled_react-dom_08ibudp._.js:8676:316)
    at commitPassiveMountOnFiber (http://localhost:3000/_next/static/chunks/0e4n_next_dist_compiled_react-dom_08ibudp._.js:8688:17)
    at recursivelyTraversePassiveMountEffects (http://localhost:3000/_next/static/chunks/0e4n_next_dist_compiled_react-dom_08ibudp._.js:8676:316)
    at commitPassiveMountOnFiber (http://localhost:3000/_next/static/chunks/0e4n_next_dist_compiled_react-dom_08ibudp._.js:8750:17)
    at recursivelyTraversePassiveMountEffects (http://localhost:3000/_next/static/chunks/0e4n_next_dist_compiled_react-dom_08ibudp._.js:8676:316)
    at commitPassiveMountOnFiber (http://localhost:3000/_next/static/chunks/0e4n_next_dist_compiled_react-dom_08ibudp._.js:8750:17)
    at recursivelyTraversePassiveMountEffects (http://localhost:3000/_next/static/chunks/0e4n_next_dist_compiled_react-dom_08ibudp._.js:8676:316)
    at commitPassiveMountOnFiber (http://localhost:3000/_next/static/chunks/0e4n_next_dist_compiled_react-dom_08ibudp._.js:8688:17)
    at recursivelyTraversePassiveMountEffects (http://localhost:3000/_next/static/chunks/0e4n_next_dist_compiled_react-dom_08ibudp._.js:8676:316)
    at commitPassiveMountOnFiber (http://localhost:3000/_next/static/chunks/0e4n_next_dist_compiled_react-dom_08ibudp._.js:8693:17)
    at recursivelyTraversePassiveMountEffects (http://localhost:3000/_next/static/chunks/0e4n_next_dist_compiled_react-dom_08ibudp._.js:8676:316)
    at commitPassiveMountOnFiber (http://localhost:3000/_next/static/chunks/0e4n_next_dist_compiled_react-dom_08ibudp._.js:8688:17)
    at recursivelyTraversePassiveMountEffects (http://localhost:3000/_next/static/chunks/0e4n_next_dist_compiled_react-dom_08ibudp._.js:8676:316)
    at commitPassiveMountOnFiber (http://localhost:3000/_next/static/chunks/0e4n_next_dist_compiled_react-dom_08ibudp._.js:8688:17)
    at recursivelyTraversePassiveMountEffects (http://localhost:3000/_next/static/chunks/0e4n_next_dist_compiled_react-dom_08ibudp._.js:8676:316)
    at commitPassiveMountOnFiber (http://localhost:3000/_next/static/chunks/0e4n_next_dist_compiled_react-dom_08ibudp._.js:8688:17)
    at recursivelyTraversePassiveMountEffects (http://localhost:3000/_next/static/chunks/0e4n_next_dist_compiled_react-dom_08ibudp._.js:8676:316)
    at commitPassiveMountOnFiber (http://localhost:3000/_next/static/chunks/0e4n_next_dist_compiled_react-dom_08ibudp._.js:8688:17)
    at recursivelyTraversePassiveMountEffects (http://localhost:3000/_next/static/chunks/0e4n_next_dist_compiled_react-dom_08ibudp._.js:8676:316)
    at commitPassiveMountOnFiber (http://localhost:3000/_next/static/chunks/0e4n_next_dist_compiled_react-dom_08ibudp._.js:8693:17)
    at recursivelyTraversePassiveMountEffects (http://localhost:3000/_next/static/chunks/0e4n_next_dist_compiled_react-dom_08ibudp._.js:8676:316)
    at commitPassiveMountOnFiber (http://localhost:3000/_next/static/chunks/0e4n_next_dist_compiled_react-dom_08ibudp._.js:8688:17)
    at recursivelyTraversePassiveMountEffects (http://localhost:3000/_next/static/chunks/0e4n_next_dist_compiled_react-dom_08ibudp._.js:8676:316)
    at commitPassiveMountOnFiber (http://localhost:3000/_next/static/chunks/0e4n_next_dist_compiled_react-dom_08ibudp._.js:8688:17)
    at recursivelyTraversePassiveMountEffects (http://localhost:3000/_next/static/chunks/0e4n_next_dist_compiled_react-dom_08ibudp._.js:8676:316)
    at commitPassiveMountOnFiber (http://localhost:3000/_next/static/chunks/0e4n_next_dist_compiled_react-dom_08ibudp._.js:8750:17)
    at recursivelyTraversePassiveMountEffects (http://localhost:3000/_next/static/chunks/0e4n_next_dist_compiled_react-dom_08ibudp._.js:8676:316)
    at commitPassiveMountOnFiber (http://localhost:3000/_next/static/chunks/0e4n_next_dist_compiled_react-dom_08ibudp._.js:8750:17)
[68239411ms] [LOG] [Fast Refresh] rebuilding @ http://localhost:3000/_next/static/chunks/0e4n_next_dist_0fykpjn._.js:2431
[68239412ms] [WARNING] [Fast Refresh] performing full reload because your application had an unrecoverable error @ http://localhost:3000/_next/static/chunks/0e4n_next_dist_0fykpjn._.js:2431
[68239438ms] [LOG] [Fast Refresh] done in 31ms @ http://localhost:3000/_next/static/chunks/0e4n_next_dist_0fykpjn._.js:2431
[68239519ms] [INFO] %cDownload the React DevTools for a better development experience: https://react.dev/link/react-devtools font-weight:bold @ http://localhost:3000/_next/static/chunks/0e4n_next_dist_0fykpjn._.js:2431
[68239531ms] [LOG] [HMR] connected @ http://localhost:3000/_next/static/chunks/0e4n_next_dist_0fykpjn._.js:2431
[68239587ms] TypeError: Cannot read properties of undefined (reading 'doc')
    at createDecorations (http://localhost:3000/_next/static/chunks/0e4n_06-un~w._.js:21576:22)
    at Plugin.init (http://localhost:3000/_next/static/chunks/0e4n_06-un~w._.js:21622:24)
    at EditorState.reconfigure (http://localhost:3000/_next/static/chunks/0e4n_06-un~w._.js:8592:81)
    at Editor.createView (http://localhost:3000/_next/static/chunks/0e4n_%40tiptap_core_dist_0cw34ka._.js:5143:37)
    at Editor.mount (http://localhost:3000/_next/static/chunks/0e4n_%40tiptap_core_dist_0cw34ka._.js:4844:14)
    at new Editor (http://localhost:3000/_next/static/chunks/0e4n_%40tiptap_core_dist_0cw34ka._.js:4835:18)
    at _EditorInstanceManager.createEditor (http://localhost:3000/_next/static/chunks/0e4n_06-un~w._.js:11086:24)
    at _EditorInstanceManager.refreshEditorInstance (http://localhost:3000/_next/static/chunks/0e4n_06-un~w._.js:11182:29)
    at http://localhost:3000/_next/static/chunks/0e4n_06-un~w._.js:11158:22
    at Object.react_stack_bottom_frame (http://localhost:3000/_next/static/chunks/0e4n_next_dist_compiled_react-dom_08ibudp._.js:15087:22)
    at runWithFiberInDEV (http://localhost:3000/_next/static/chunks/0e4n_next_dist_compiled_react-dom_08ibudp._.js:965:74)
    at commitHookEffectListMount (http://localhost:3000/_next/static/chunks/0e4n_next_dist_compiled_react-dom_08ibudp._.js:7255:167)
    at commitHookPassiveMountEffects (http://localhost:3000/_next/static/chunks/0e4n_next_dist_compiled_react-dom_08ibudp._.js:7290:60)
    at commitPassiveMountOnFiber (http://localhost:3000/_next/static/chunks/0e4n_next_dist_compiled_react-dom_08ibudp._.js:8689:33)
    at recursivelyTraversePassiveMountEffects (http://localhost:3000/_next/static/chunks/0e4n_next_dist_compiled_react-dom_08ibudp._.js:8676:316)
    at commitPassiveMountOnFiber (http://localhost:3000/_next/static/chunks/0e4n_next_dist_compiled_react-dom_08ibudp._.js:8750:17)
    at recursivelyTraversePassiveMountEffects (http://localhost:3000/_next/static/chunks/0e4n_next_dist_compiled_react-dom_08ibudp._.js:8676:316)
    at commitPassiveMountOnFiber (http://localhost:3000/_next/static/chunks/0e4n_next_dist_compiled_react-dom_08ibudp._.js:8750:17)
    at recursivelyTraversePassiveMountEffects (http://localhost:3000/_next/static/chunks/0e4n_next_dist_compiled_react-dom_08ibudp._.js:8676:316)
    at commitPassiveMountOnFiber (http://localhost:3000/_next/static/chunks/0e4n_next_dist_compiled_react-dom_08ibudp._.js:8688:17)
    at recursivelyTraversePassiveMountEffects (http://localhost:3000/_next/static/chunks/0e4n_next_dist_compiled_react-dom_08ibudp._.js:8676:316)
    at commitPassiveMountOnFiber (http://localhost:3000/_next/static/chunks/0e4n_next_dist_compiled_react-dom_08ibudp._.js:8688:17)
    at recursivelyTraversePassiveMountEffects (http://localhost:3000/_next/static/chunks/0e4n_next_dist_compiled_react-dom_08ibudp._.js:8676:316)
    at commitPassiveMountOnFiber (http://localhost:3000/_next/static/chunks/0e4n_next_dist_compiled_react-dom_08ibudp._.js:8688:17)
    at recursivelyTraversePassiveMountEffects (http://localhost:3000/_next/static/chunks/0e4n_next_dist_compiled_react-dom_08ibudp._.js:8676:316)
    at commitPassiveMountOnFiber (http://localhost:3000/_next/static/chunks/0e4n_next_dist_compiled_react-dom_08ibudp._.js:8750:17)
    at recursivelyTraversePassiveMountEffects (http://localhost:3000/_next/static/chunks/0e4n_next_dist_compiled_react-dom_08ibudp._.js:8676:316)
    at commitPassiveMountOnFiber (http://localhost:3000/_next/static/chunks/0e4n_next_dist_compiled_react-dom_08ibudp._.js:8750:17)
    at recursivelyTraversePassiveMountEffects (http://localhost:3000/_next/static/chunks/0e4n_next_dist_compiled_react-dom_08ibudp._.js:8676:316)
    at commitPassiveMountOnFiber (http://localhost:3000/_next/static/chunks/0e4n_next_dist_compiled_react-dom_08ibudp._.js:8688:17)
    at recursivelyTraversePassiveMountEffects (http://localhost:3000/_next/static/chunks/0e4n_next_dist_compiled_react-dom_08ibudp._.js:8676:316)
    at commitPassiveMountOnFiber (http://localhost:3000/_next/static/chunks/0e4n_next_dist_compiled_react-dom_08ibudp._.js:8693:17)
    at recursivelyTraversePassiveMountEffects (http://localhost:3000/_next/static/chunks/0e4n_next_dist_compiled_react-dom_08ibudp._.js:8676:316)
    at commitPassiveMountOnFiber (http://localhost:3000/_next/static/chunks/0e4n_next_dist_compiled_react-dom_08ibudp._.js:8688:17)
    at recursivelyTraversePassiveMountEffects (http://localhost:3000/_next/static/chunks/0e4n_next_dist_compiled_react-dom_08ibudp._.js:8676:316)
    at commitPassiveMountOnFiber (http://localhost:3000/_next/static/chunks/0e4n_next_dist_compiled_react-dom_08ibudp._.js:8688:17)
    at recursivelyTraversePassiveMountEffects (http://localhost:3000/_next/static/chunks/0e4n_next_dist_compiled_react-dom_08ibudp._.js:8676:316)
    at commitPassiveMountOnFiber (http://localhost:3000/_next/static/chunks/0e4n_next_dist_compiled_react-dom_08ibudp._.js:8688:17)
    at recursivelyTraversePassiveMountEffects (http://localhost:3000/_next/static/chunks/0e4n_next_dist_compiled_react-dom_08ibudp._.js:8676:316)
    at commitPassiveMountOnFiber (http://localhost:3000/_next/static/chunks/0e4n_next_dist_compiled_react-dom_08ibudp._.js:8688:17)
    at recursivelyTraversePassiveMountEffects (http://localhost:3000/_next/static/chunks/0e4n_next_dist_compiled_react-dom_08ibudp._.js:8676:316)
    at commitPassiveMountOnFiber (http://localhost:3000/_next/static/chunks/0e4n_next_dist_compiled_react-dom_08ibudp._.js:8693:17)
    at recursivelyTraversePassiveMountEffects (http://localhost:3000/_next/static/chunks/0e4n_next_dist_compiled_react-dom_08ibudp._.js:8676:316)
    at commitPassiveMountOnFiber (http://localhost:3000/_next/static/chunks/0e4n_next_dist_compiled_react-dom_08ibudp._.js:8688:17)
    at recursivelyTraversePassiveMountEffects (http://localhost:3000/_next/static/chunks/0e4n_next_dist_compiled_react-dom_08ibudp._.js:8676:316)
    at commitPassiveMountOnFiber (http://localhost:3000/_next/static/chunks/0e4n_next_dist_compiled_react-dom_08ibudp._.js:8688:17)
    at recursivelyTraversePassiveMountEffects (http://localhost:3000/_next/static/chunks/0e4n_next_dist_compiled_react-dom_08ibudp._.js:8676:316)
    at commitPassiveMountOnFiber (http://localhost:3000/_next/static/chunks/0e4n_next_dist_compiled_react-dom_08ibudp._.js:8750:17)
    at recursivelyTraversePassiveMountEffects (http://localhost:3000/_next/static/chunks/0e4n_next_dist_compiled_react-dom_08ibudp._.js:8676:316)
    at commitPassiveMountOnFiber (http://localhost:3000/_next/static/chunks/0e4n_next_dist_compiled_react-dom_08ibudp._.js:8750:17)
[68246044ms] [LOG] [Fast Refresh] rebuilding @ http://localhost:3000/_next/static/chunks/0e4n_next_dist_0fykpjn._.js:2431
[68246046ms] [WARNING] [Fast Refresh] performing full reload because your application had an unrecoverable error @ http://localhost:3000/_next/static/chunks/0e4n_next_dist_0fykpjn._.js:2431
[68246106ms] [LOG] [Fast Refresh] done in 56ms @ http://localhost:3000/_next/static/chunks/0e4n_next_dist_0fykpjn._.js:2431
[68246136ms] [INFO] %cDownload the React DevTools for a better development experience: https://react.dev/link/react-devtools font-weight:bold @ http://localhost:3000/_next/static/chunks/0e4n_next_dist_0fykpjn._.js:2431
[68246146ms] [LOG] [HMR] connected @ http://localhost:3000/_next/static/chunks/0e4n_next_dist_0fykpjn._.js:2431
[68246194ms] TypeError: Cannot read properties of undefined (reading 'doc')
    at createDecorations (http://localhost:3000/_next/static/chunks/0e4n_06-un~w._.js:21576:22)
    at Plugin.init (http://localhost:3000/_next/static/chunks/0e4n_06-un~w._.js:21622:24)
    at EditorState.reconfigure (http://localhost:3000/_next/static/chunks/0e4n_06-un~w._.js:8592:81)
    at Editor.createView (http://localhost:3000/_next/static/chunks/0e4n_%40tiptap_core_dist_0cw34ka._.js:5143:37)
    at Editor.mount (http://localhost:3000/_next/static/chunks/0e4n_%40tiptap_core_dist_0cw34ka._.js:4844:14)
    at new Editor (http://localhost:3000/_next/static/chunks/0e4n_%40tiptap_core_dist_0cw34ka._.js:4835:18)
    at _EditorInstanceManager.createEditor (http://localhost:3000/_next/static/chunks/0e4n_06-un~w._.js:11086:24)
    at _EditorInstanceManager.refreshEditorInstance (http://localhost:3000/_next/static/chunks/0e4n_06-un~w._.js:11182:29)
    at http://localhost:3000/_next/static/chunks/0e4n_06-un~w._.js:11158:22
    at Object.react_stack_bottom_frame (http://localhost:3000/_next/static/chunks/0e4n_next_dist_compiled_react-dom_08ibudp._.js:15087:22)
    at runWithFiberInDEV (http://localhost:3000/_next/static/chunks/0e4n_next_dist_compiled_react-dom_08ibudp._.js:965:74)
    at commitHookEffectListMount (http://localhost:3000/_next/static/chunks/0e4n_next_dist_compiled_react-dom_08ibudp._.js:7255:167)
    at commitHookPassiveMountEffects (http://localhost:3000/_next/static/chunks/0e4n_next_dist_compiled_react-dom_08ibudp._.js:7290:60)
    at commitPassiveMountOnFiber (http://localhost:3000/_next/static/chunks/0e4n_next_dist_compiled_react-dom_08ibudp._.js:8689:33)
    at recursivelyTraversePassiveMountEffects (http://localhost:3000/_next/static/chunks/0e4n_next_dist_compiled_react-dom_08ibudp._.js:8676:316)
    at commitPassiveMountOnFiber (http://localhost:3000/_next/static/chunks/0e4n_next_dist_compiled_react-dom_08ibudp._.js:8750:17)
    at recursivelyTraversePassiveMountEffects (http://localhost:3000/_next/static/chunks/0e4n_next_dist_compiled_react-dom_08ibudp._.js:8676:316)
    at commitPassiveMountOnFiber (http://localhost:3000/_next/static/chunks/0e4n_next_dist_compiled_react-dom_08ibudp._.js:8750:17)
    at recursivelyTraversePassiveMountEffects (http://localhost:3000/_next/static/chunks/0e4n_next_dist_compiled_react-dom_08ibudp._.js:8676:316)
    at commitPassiveMountOnFiber (http://localhost:3000/_next/static/chunks/0e4n_next_dist_compiled_react-dom_08ibudp._.js:8688:17)
    at recursivelyTraversePassiveMountEffects (http://localhost:3000/_next/static/chunks/0e4n_next_dist_compiled_react-dom_08ibudp._.js:8676:316)
    at commitPassiveMountOnFiber (http://localhost:3000/_next/static/chunks/0e4n_next_dist_compiled_react-dom_08ibudp._.js:8688:17)
    at recursivelyTraversePassiveMountEffects (http://localhost:3000/_next/static/chunks/0e4n_next_dist_compiled_react-dom_08ibudp._.js:8676:316)
    at commitPassiveMountOnFiber (http://localhost:3000/_next/static/chunks/0e4n_next_dist_compiled_react-dom_08ibudp._.js:8688:17)
    at recursivelyTraversePassiveMountEffects (http://localhost:3000/_next/static/chunks/0e4n_next_dist_compiled_react-dom_08ibudp._.js:8676:316)
    at commitPassiveMountOnFiber (http://localhost:3000/_next/static/chunks/0e4n_next_dist_compiled_react-dom_08ibudp._.js:8750:17)
    at recursivelyTraversePassiveMountEffects (http://localhost:3000/_next/static/chunks/0e4n_next_dist_compiled_react-dom_08ibudp._.js:8676:316)
    at commitPassiveMountOnFiber (http://localhost:3000/_next/static/chunks/0e4n_next_dist_compiled_react-dom_08ibudp._.js:8750:17)
    at recursivelyTraversePassiveMountEffects (http://localhost:3000/_next/static/chunks/0e4n_next_dist_compiled_react-dom_08ibudp._.js:8676:316)
    at commitPassiveMountOnFiber (http://localhost:3000/_next/static/chunks/0e4n_next_dist_compiled_react-dom_08ibudp._.js:8688:17)
    at recursivelyTraversePassiveMountEffects (http://localhost:3000/_next/static/chunks/0e4n_next_dist_compiled_react-dom_08ibudp._.js:8676:316)
    at commitPassiveMountOnFiber (http://localhost:3000/_next/static/chunks/0e4n_next_dist_compiled_react-dom_08ibudp._.js:8693:17)
    at recursivelyTraversePassiveMountEffects (http://localhost:3000/_next/static/chunks/0e4n_next_dist_compiled_react-dom_08ibudp._.js:8676:316)
    at commitPassiveMountOnFiber (http://localhost:3000/_next/static/chunks/0e4n_next_dist_compiled_react-dom_08ibudp._.js:8688:17)
    at recursivelyTraversePassiveMountEffects (http://localhost:3000/_next/static/chunks/0e4n_next_dist_compiled_react-dom_08ibudp._.js:8676:316)
    at commitPassiveMountOnFiber (http://localhost:3000/_next/static/chunks/0e4n_next_dist_compiled_react-dom_08ibudp._.js:8688:17)
    at recursivelyTraversePassiveMountEffects (http://localhost:3000/_next/static/chunks/0e4n_next_dist_compiled_react-dom_08ibudp._.js:8676:316)
    at commitPassiveMountOnFiber (http://localhost:3000/_next/static/chunks/0e4n_next_dist_compiled_react-dom_08ibudp._.js:8688:17)
    at recursivelyTraversePassiveMountEffects (http://localhost:3000/_next/static/chunks/0e4n_next_dist_compiled_react-dom_08ibudp._.js:8676:316)
    at commitPassiveMountOnFiber (http://localhost:3000/_next/static/chunks/0e4n_next_dist_compiled_react-dom_08ibudp._.js:8688:17)
    at recursivelyTraversePassiveMountEffects (http://localhost:3000/_next/static/chunks/0e4n_next_dist_compiled_react-dom_08ibudp._.js:8676:316)
    at commitPassiveMountOnFiber (http://localhost:3000/_next/static/chunks/0e4n_next_dist_compiled_react-dom_08ibudp._.js:8693:17)
    at recursivelyTraversePassiveMountEffects (http://localhost:3000/_next/static/chunks/0e4n_next_dist_compiled_react-dom_08ibudp._.js:8676:316)
    at commitPassiveMountOnFiber (http://localhost:3000/_next/static/chunks/0e4n_next_dist_compiled_react-dom_08ibudp._.js:8688:17)
    at recursivelyTraversePassiveMountEffects (http://localhost:3000/_next/static/chunks/0e4n_next_dist_compiled_react-dom_08ibudp._.js:8676:316)
    at commitPassiveMountOnFiber (http://localhost:3000/_next/static/chunks/0e4n_next_dist_compiled_react-dom_08ibudp._.js:8688:17)
    at recursivelyTraversePassiveMountEffects (http://localhost:3000/_next/static/chunks/0e4n_next_dist_compiled_react-dom_08ibudp._.js:8676:316)
    at commitPassiveMountOnFiber (http://localhost:3000/_next/static/chunks/0e4n_next_dist_compiled_react-dom_08ibudp._.js:8750:17)
    at recursivelyTraversePassiveMountEffects (http://localhost:3000/_next/static/chunks/0e4n_next_dist_compiled_react-dom_08ibudp._.js:8676:316)
    at commitPassiveMountOnFiber (http://localhost:3000/_next/static/chunks/0e4n_next_dist_compiled_react-dom_08ibudp._.js:8750:17)
[68263097ms] [LOG] [Fast Refresh] rebuilding @ http://localhost:3000/_next/static/chunks/0e4n_next_dist_0fykpjn._.js:2431
[68263098ms] [WARNING] [Fast Refresh] performing full reload because your application had an unrecoverable error @ http://localhost:3000/_next/static/chunks/0e4n_next_dist_0fykpjn._.js:2431
[68263211ms] [LOG] [Fast Refresh] done in 58ms @ http://localhost:3000/_next/static/chunks/0e4n_next_dist_0fykpjn._.js:2431
[68263270ms] [INFO] %cDownload the React DevTools for a better development experience: https://react.dev/link/react-devtools font-weight:bold @ http://localhost:3000/_next/static/chunks/0e4n_next_dist_0fykpjn._.js:2431
[68263287ms] [LOG] [HMR] connected @ http://localhost:3000/_next/static/chunks/0e4n_next_dist_0fykpjn._.js:2431
[68263338ms] TypeError: Cannot read properties of undefined (reading 'doc')
    at createDecorations (http://localhost:3000/_next/static/chunks/0e4n_06-un~w._.js:21576:22)
    at Plugin.init (http://localhost:3000/_next/static/chunks/0e4n_06-un~w._.js:21622:24)
    at EditorState.reconfigure (http://localhost:3000/_next/static/chunks/0e4n_06-un~w._.js:8592:81)
    at Editor.createView (http://localhost:3000/_next/static/chunks/0e4n_%40tiptap_core_dist_0cw34ka._.js:5143:37)
    at Editor.mount (http://localhost:3000/_next/static/chunks/0e4n_%40tiptap_core_dist_0cw34ka._.js:4844:14)
    at new Editor (http://localhost:3000/_next/static/chunks/0e4n_%40tiptap_core_dist_0cw34ka._.js:4835:18)
    at _EditorInstanceManager.createEditor (http://localhost:3000/_next/static/chunks/0e4n_06-un~w._.js:11086:24)
    at _EditorInstanceManager.refreshEditorInstance (http://localhost:3000/_next/static/chunks/0e4n_06-un~w._.js:11182:29)
    at http://localhost:3000/_next/static/chunks/0e4n_06-un~w._.js:11158:22
    at Object.react_stack_bottom_frame (http://localhost:3000/_next/static/chunks/0e4n_next_dist_compiled_react-dom_08ibudp._.js:15087:22)
    at runWithFiberInDEV (http://localhost:3000/_next/static/chunks/0e4n_next_dist_compiled_react-dom_08ibudp._.js:965:74)
    at commitHookEffectListMount (http://localhost:3000/_next/static/chunks/0e4n_next_dist_compiled_react-dom_08ibudp._.js:7255:167)
    at commitHookPassiveMountEffects (http://localhost:3000/_next/static/chunks/0e4n_next_dist_compiled_react-dom_08ibudp._.js:7290:60)
    at commitPassiveMountOnFiber (http://localhost:3000/_next/static/chunks/0e4n_next_dist_compiled_react-dom_08ibudp._.js:8689:33)
    at recursivelyTraversePassiveMountEffects (http://localhost:3000/_next/static/chunks/0e4n_next_dist_compiled_react-dom_08ibudp._.js:8676:316)
    at commitPassiveMountOnFiber (http://localhost:3000/_next/static/chunks/0e4n_next_dist_compiled_react-dom_08ibudp._.js:8750:17)
    at recursivelyTraversePassiveMountEffects (http://localhost:3000/_next/static/chunks/0e4n_next_dist_compiled_react-dom_08ibudp._.js:8676:316)
    at commitPassiveMountOnFiber (http://localhost:3000/_next/static/chunks/0e4n_next_dist_compiled_react-dom_08ibudp._.js:8750:17)
    at recursivelyTraversePassiveMountEffects (http://localhost:3000/_next/static/chunks/0e4n_next_dist_compiled_react-dom_08ibudp._.js:8676:316)
    at commitPassiveMountOnFiber (http://localhost:3000/_next/static/chunks/0e4n_next_dist_compiled_react-dom_08ibudp._.js:8688:17)
    at recursivelyTraversePassiveMountEffects (http://localhost:3000/_next/static/chunks/0e4n_next_dist_compiled_react-dom_08ibudp._.js:8676:316)
    at commitPassiveMountOnFiber (http://localhost:3000/_next/static/chunks/0e4n_next_dist_compiled_react-dom_08ibudp._.js:8688:17)
    at recursivelyTraversePassiveMountEffects (http://localhost:3000/_next/static/chunks/0e4n_next_dist_compiled_react-dom_08ibudp._.js:8676:316)
    at commitPassiveMountOnFiber (http://localhost:3000/_next/static/chunks/0e4n_next_dist_compiled_react-dom_08ibudp._.js:8688:17)
    at recursivelyTraversePassiveMountEffects (http://localhost:3000/_next/static/chunks/0e4n_next_dist_compiled_react-dom_08ibudp._.js:8676:316)
    at commitPassiveMountOnFiber (http://localhost:3000/_next/static/chunks/0e4n_next_dist_compiled_react-dom_08ibudp._.js:8750:17)
    at recursivelyTraversePassiveMountEffects (http://localhost:3000/_next/static/chunks/0e4n_next_dist_compiled_react-dom_08ibudp._.js:8676:316)
    at commitPassiveMountOnFiber (http://localhost:3000/_next/static/chunks/0e4n_next_dist_compiled_react-dom_08ibudp._.js:8750:17)
    at recursivelyTraversePassiveMountEffects (http://localhost:3000/_next/static/chunks/0e4n_next_dist_compiled_react-dom_08ibudp._.js:8676:316)
    at commitPassiveMountOnFiber (http://localhost:3000/_next/static/chunks/0e4n_next_dist_compiled_react-dom_08ibudp._.js:8688:17)
    at recursivelyTraversePassiveMountEffects (http://localhost:3000/_next/static/chunks/0e4n_next_dist_compiled_react-dom_08ibudp._.js:8676:316)
    at commitPassiveMountOnFiber (http://localhost:3000/_next/static/chunks/0e4n_next_dist_compiled_react-dom_08ibudp._.js:8693:17)
    at recursivelyTraversePassiveMountEffects (http://localhost:3000/_next/static/chunks/0e4n_next_dist_compiled_react-dom_08ibudp._.js:8676:316)
    at commitPassiveMountOnFiber (http://localhost:3000/_next/static/chunks/0e4n_next_dist_compiled_react-dom_08ibudp._.js:8688:17)
    at recursivelyTraversePassiveMountEffects (http://localhost:3000/_next/static/chunks/0e4n_next_dist_compiled_react-dom_08ibudp._.js:8676:316)
    at commitPassiveMountOnFiber (http://localhost:3000/_next/static/chunks/0e4n_next_dist_compiled_react-dom_08ibudp._.js:8688:17)
    at recursivelyTraversePassiveMountEffects (http://localhost:3000/_next/static/chunks/0e4n_next_dist_compiled_react-dom_08ibudp._.js:8676:316)
    at commitPassiveMountOnFiber (http://localhost:3000/_next/static/chunks/0e4n_next_dist_compiled_react-dom_08ibudp._.js:8688:17)
    at recursivelyTraversePassiveMountEffects (http://localhost:3000/_next/static/chunks/0e4n_next_dist_compiled_react-dom_08ibudp._.js:8676:316)
    at commitPassiveMountOnFiber (http://localhost:3000/_next/static/chunks/0e4n_next_dist_compiled_react-dom_08ibudp._.js:8688:17)
    at recursivelyTraversePassiveMountEffects (http://localhost:3000/_next/static/chunks/0e4n_next_dist_compiled_react-dom_08ibudp._.js:8676:316)
    at commitPassiveMountOnFiber (http://localhost:3000/_next/static/chunks/0e4n_next_dist_compiled_react-dom_08ibudp._.js:8693:17)
    at recursivelyTraversePassiveMountEffects (http://localhost:3000/_next/static/chunks/0e4n_next_dist_compiled_react-dom_08ibudp._.js:8676:316)
    at commitPassiveMountOnFiber (http://localhost:3000/_next/static/chunks/0e4n_next_dist_compiled_react-dom_08ibudp._.js:8688:17)
    at recursivelyTraversePassiveMountEffects (http://localhost:3000/_next/static/chunks/0e4n_next_dist_compiled_react-dom_08ibudp._.js:8676:316)
    at commitPassiveMountOnFiber (http://localhost:3000/_next/static/chunks/0e4n_next_dist_compiled_react-dom_08ibudp._.js:8688:17)
    at recursivelyTraversePassiveMountEffects (http://localhost:3000/_next/static/chunks/0e4n_next_dist_compiled_react-dom_08ibudp._.js:8676:316)
    at commitPassiveMountOnFiber (http://localhost:3000/_next/static/chunks/0e4n_next_dist_compiled_react-dom_08ibudp._.js:8750:17)
    at recursivelyTraversePassiveMountEffects (http://localhost:3000/_next/static/chunks/0e4n_next_dist_compiled_react-dom_08ibudp._.js:8676:316)
    at commitPassiveMountOnFiber (http://localhost:3000/_next/static/chunks/0e4n_next_dist_compiled_react-dom_08ibudp._.js:8750:17)
[68313401ms] [ERROR] WebSocket connection to 'ws://localhost:3000/_next/webpack-hmr?id=HSw6SBX975SyT2fnHogV4' failed:  @ http://localhost:3000/_next/static/chunks/0e4n_next_dist_client_019p-hn._.js:13299
[68313402ms] [ERROR] WebSocket connection to 'ws://localhost:3000/ws/6373c3ce-bcc7-4137-b5fe-9eb8b6b7efc1' failed:  @ http://localhost:3000/_next/static/chunks/0e4n_06-un~w._.js:2044
