[     536ms] [INFO] %cDownload the React DevTools for a better development experience: https://react.dev/link/react-devtools font-weight:bold @ http://localhost:3000/_next/static/chunks/0e4n_next_dist_0fykpjn._.js:2431
[    1102ms] [LOG] [HMR] connected @ http://localhost:3000/_next/static/chunks/0e4n_next_dist_0fykpjn._.js:2431
[    1222ms] [LOG] [Fast Refresh] rebuilding @ http://localhost:3000/_next/static/chunks/0e4n_next_dist_0fykpjn._.js:2431
[    1223ms] [LOG] [Fast Refresh] done in 103ms @ http://localhost:3000/_next/static/chunks/0e4n_next_dist_0fykpjn._.js:2431
[   89484ms] [LOG] [Fast Refresh] rebuilding @ http://localhost:3000/_next/static/chunks/0e4n_next_dist_0fykpjn._.js:2431
[   89484ms] [LOG] [Fast Refresh] done in 111ms @ http://localhost:3000/_next/static/chunks/0e4n_next_dist_0fykpjn._.js:2431
[  102152ms] [LOG] [Fast Refresh] rebuilding @ http://localhost:3000/_next/static/chunks/0e4n_next_dist_0fykpjn._.js:2431
[  102240ms] [ERROR] WebSocket connection to 'ws://localhost:1234/6373c3ce-bcc7-4137-b5fe-9eb8b6b7efc1' failed: Error in connection establishment: net::ERR_CONNECTION_REFUSED @ http://localhost:3000/_next/static/chunks/0e4n_0edlwyp._.js:2044
[  102242ms] [ERROR] WebSocket connection to 'ws://localhost:1234/6373c3ce-bcc7-4137-b5fe-9eb8b6b7efc1' failed: Error in connection establishment: net::ERR_CONNECTION_REFUSED @ http://localhost:3000/_next/static/chunks/0e4n_0edlwyp._.js:2044
[  102252ms] [LOG] [Fast Refresh] done in 183ms @ http://localhost:3000/_next/static/chunks/0e4n_next_dist_0fykpjn._.js:2431
[  102454ms] [ERROR] WebSocket connection to 'ws://localhost:1234/6373c3ce-bcc7-4137-b5fe-9eb8b6b7efc1' failed: Error in connection establishment: net::ERR_CONNECTION_REFUSED @ http://localhost:3000/_next/static/chunks/0e4n_0edlwyp._.js:2044
[  102465ms] [ERROR] WebSocket connection to 'ws://localhost:1234/6373c3ce-bcc7-4137-b5fe-9eb8b6b7efc1' failed: Error in connection establishment: net::ERR_CONNECTION_REFUSED @ http://localhost:3000/_next/static/chunks/0e4n_0edlwyp._.js:2044
[  102862ms] [ERROR] WebSocket connection to 'ws://localhost:1234/6373c3ce-bcc7-4137-b5fe-9eb8b6b7efc1' failed: Error in connection establishment: net::ERR_CONNECTION_REFUSED @ http://localhost:3000/_next/static/chunks/0e4n_0edlwyp._.js:2044
[  102872ms] [ERROR] WebSocket connection to 'ws://localhost:1234/6373c3ce-bcc7-4137-b5fe-9eb8b6b7efc1' failed: Error in connection establishment: net::ERR_CONNECTION_REFUSED @ http://localhost:3000/_next/static/chunks/0e4n_0edlwyp._.js:2044
[  103666ms] [ERROR] WebSocket connection to 'ws://localhost:1234/6373c3ce-bcc7-4137-b5fe-9eb8b6b7efc1' failed: Error in connection establishment: net::ERR_CONNECTION_REFUSED @ http://localhost:3000/_next/static/chunks/0e4n_0edlwyp._.js:2044
[  103679ms] [ERROR] WebSocket connection to 'ws://localhost:1234/6373c3ce-bcc7-4137-b5fe-9eb8b6b7efc1' failed: Error in connection establishment: net::ERR_CONNECTION_REFUSED @ http://localhost:3000/_next/static/chunks/0e4n_0edlwyp._.js:2044
[  105280ms] [ERROR] WebSocket connection to 'ws://localhost:1234/6373c3ce-bcc7-4137-b5fe-9eb8b6b7efc1' failed: Error in connection establishment: net::ERR_CONNECTION_REFUSED @ http://localhost:3000/_next/static/chunks/0e4n_0edlwyp._.js:2044
[  105293ms] [ERROR] WebSocket connection to 'ws://localhost:1234/6373c3ce-bcc7-4137-b5fe-9eb8b6b7efc1' failed: Error in connection establishment: net::ERR_CONNECTION_REFUSED @ http://localhost:3000/_next/static/chunks/0e4n_0edlwyp._.js:2044
[  107796ms] [ERROR] WebSocket connection to 'ws://localhost:1234/6373c3ce-bcc7-4137-b5fe-9eb8b6b7efc1' failed: Error in connection establishment: net::ERR_CONNECTION_REFUSED @ http://localhost:3000/_next/static/chunks/0e4n_0edlwyp._.js:2044
[  107806ms] [ERROR] WebSocket connection to 'ws://localhost:1234/6373c3ce-bcc7-4137-b5fe-9eb8b6b7efc1' failed: Error in connection establishment: net::ERR_CONNECTION_REFUSED @ http://localhost:3000/_next/static/chunks/0e4n_0edlwyp._.js:2044
[  110315ms] [ERROR] WebSocket connection to 'ws://localhost:1234/6373c3ce-bcc7-4137-b5fe-9eb8b6b7efc1' failed: Error in connection establishment: net::ERR_CONNECTION_REFUSED @ http://localhost:3000/_next/static/chunks/0e4n_0edlwyp._.js:2044
[  110327ms] [ERROR] WebSocket connection to 'ws://localhost:1234/6373c3ce-bcc7-4137-b5fe-9eb8b6b7efc1' failed: Error in connection establishment: net::ERR_CONNECTION_REFUSED @ http://localhost:3000/_next/static/chunks/0e4n_0edlwyp._.js:2044
[  112837ms] [ERROR] WebSocket connection to 'ws://localhost:1234/6373c3ce-bcc7-4137-b5fe-9eb8b6b7efc1' failed: Error in connection establishment: net::ERR_CONNECTION_REFUSED @ http://localhost:3000/_next/static/chunks/0e4n_0edlwyp._.js:2044
[  112850ms] [ERROR] WebSocket connection to 'ws://localhost:1234/6373c3ce-bcc7-4137-b5fe-9eb8b6b7efc1' failed: Error in connection establishment: net::ERR_CONNECTION_REFUSED @ http://localhost:3000/_next/static/chunks/0e4n_0edlwyp._.js:2044
[  115355ms] [ERROR] WebSocket connection to 'ws://localhost:1234/6373c3ce-bcc7-4137-b5fe-9eb8b6b7efc1' failed: Error in connection establishment: net::ERR_CONNECTION_REFUSED @ http://localhost:3000/_next/static/chunks/0e4n_0edlwyp._.js:2044
[  115365ms] [ERROR] WebSocket connection to 'ws://localhost:1234/6373c3ce-bcc7-4137-b5fe-9eb8b6b7efc1' failed: Error in connection establishment: net::ERR_CONNECTION_REFUSED @ http://localhost:3000/_next/static/chunks/0e4n_0edlwyp._.js:2044
[  117887ms] [ERROR] WebSocket connection to 'ws://localhost:1234/6373c3ce-bcc7-4137-b5fe-9eb8b6b7efc1' failed: Error in connection establishment: net::ERR_CONNECTION_REFUSED @ http://localhost:3000/_next/static/chunks/0e4n_0edlwyp._.js:2044
[  117898ms] [ERROR] WebSocket connection to 'ws://localhost:1234/6373c3ce-bcc7-4137-b5fe-9eb8b6b7efc1' failed: Error in connection establishment: net::ERR_CONNECTION_REFUSED @ http://localhost:3000/_next/static/chunks/0e4n_0edlwyp._.js:2044
[  120429ms] [ERROR] WebSocket connection to 'ws://localhost:1234/6373c3ce-bcc7-4137-b5fe-9eb8b6b7efc1' failed: Error in connection establishment: net::ERR_CONNECTION_REFUSED @ http://localhost:3000/_next/static/chunks/0e4n_0edlwyp._.js:2044
[  120440ms] [ERROR] WebSocket connection to 'ws://localhost:1234/6373c3ce-bcc7-4137-b5fe-9eb8b6b7efc1' failed: Error in connection establishment: net::ERR_CONNECTION_REFUSED @ http://localhost:3000/_next/static/chunks/0e4n_0edlwyp._.js:2044
[  122954ms] [ERROR] WebSocket connection to 'ws://localhost:1234/6373c3ce-bcc7-4137-b5fe-9eb8b6b7efc1' failed: Error in connection establishment: net::ERR_CONNECTION_REFUSED @ http://localhost:3000/_next/static/chunks/0e4n_0edlwyp._.js:2044
[  123012ms] [ERROR] WebSocket connection to 'ws://localhost:1234/6373c3ce-bcc7-4137-b5fe-9eb8b6b7efc1' failed: Error in connection establishment: net::ERR_CONNECTION_REFUSED @ http://localhost:3000/_next/static/chunks/0e4n_0edlwyp._.js:2044
[  125487ms] [ERROR] WebSocket connection to 'ws://localhost:1234/6373c3ce-bcc7-4137-b5fe-9eb8b6b7efc1' failed: Error in connection establishment: net::ERR_CONNECTION_REFUSED @ http://localhost:3000/_next/static/chunks/0e4n_0edlwyp._.js:2044
[  125579ms] [ERROR] WebSocket connection to 'ws://localhost:1234/6373c3ce-bcc7-4137-b5fe-9eb8b6b7efc1' failed: Error in connection establishment: net::ERR_CONNECTION_REFUSED @ http://localhost:3000/_next/static/chunks/0e4n_0edlwyp._.js:2044
[  128029ms] [ERROR] WebSocket connection to 'ws://localhost:1234/6373c3ce-bcc7-4137-b5fe-9eb8b6b7efc1' failed: Error in connection establishment: net::ERR_CONNECTION_REFUSED @ http://localhost:3000/_next/static/chunks/0e4n_0edlwyp._.js:2044
[  128112ms] [ERROR] WebSocket connection to 'ws://localhost:1234/6373c3ce-bcc7-4137-b5fe-9eb8b6b7efc1' failed: Error in connection establishment: net::ERR_CONNECTION_REFUSED @ http://localhost:3000/_next/static/chunks/0e4n_0edlwyp._.js:2044
[  130696ms] [ERROR] WebSocket connection to 'ws://localhost:1234/6373c3ce-bcc7-4137-b5fe-9eb8b6b7efc1' failed: Error in connection establishment: net::ERR_CONNECTION_REFUSED @ http://localhost:3000/_next/static/chunks/0e4n_0edlwyp._.js:2044
[  130710ms] [ERROR] WebSocket connection to 'ws://localhost:1234/6373c3ce-bcc7-4137-b5fe-9eb8b6b7efc1' failed: Error in connection establishment: net::ERR_CONNECTION_REFUSED @ http://localhost:3000/_next/static/chunks/0e4n_0edlwyp._.js:2044
[  133246ms] [ERROR] WebSocket connection to 'ws://localhost:1234/6373c3ce-bcc7-4137-b5fe-9eb8b6b7efc1' failed: Error in connection establishment: net::ERR_CONNECTION_REFUSED @ http://localhost:3000/_next/static/chunks/0e4n_0edlwyp._.js:2044
[  133295ms] [ERROR] WebSocket connection to 'ws://localhost:1234/6373c3ce-bcc7-4137-b5fe-9eb8b6b7efc1' failed: Error in connection establishment: net::ERR_CONNECTION_REFUSED @ http://localhost:3000/_next/static/chunks/0e4n_0edlwyp._.js:2044
[  136063ms] [ERROR] WebSocket connection to 'ws://localhost:1234/6373c3ce-bcc7-4137-b5fe-9eb8b6b7efc1' failed: Error in connection establishment: net::ERR_CONNECTION_REFUSED @ http://localhost:3000/_next/static/chunks/0e4n_0edlwyp._.js:2044
[  136279ms] [ERROR] WebSocket connection to 'ws://localhost:1234/6373c3ce-bcc7-4137-b5fe-9eb8b6b7efc1' failed: Error in connection establishment: net::ERR_CONNECTION_REFUSED @ http://localhost:3000/_next/static/chunks/0e4n_0edlwyp._.js:2044
[  138862ms] [ERROR] WebSocket connection to 'ws://localhost:1234/6373c3ce-bcc7-4137-b5fe-9eb8b6b7efc1' failed: Error in connection establishment: net::ERR_CONNECTION_REFUSED @ http://localhost:3000/_next/static/chunks/0e4n_0edlwyp._.js:2044
[  139254ms] [ERROR] WebSocket connection to 'ws://localhost:1234/6373c3ce-bcc7-4137-b5fe-9eb8b6b7efc1' failed: Error in connection establishment: net::ERR_CONNECTION_REFUSED @ http://localhost:3000/_next/static/chunks/0e4n_0edlwyp._.js:2044
[  141562ms] [ERROR] WebSocket connection to 'ws://localhost:1234/6373c3ce-bcc7-4137-b5fe-9eb8b6b7efc1' failed: Error in connection establishment: net::ERR_CONNECTION_REFUSED @ http://localhost:3000/_next/static/chunks/0e4n_0edlwyp._.js:2044
[  142387ms] [ERROR] WebSocket connection to 'ws://localhost:1234/6373c3ce-bcc7-4137-b5fe-9eb8b6b7efc1' failed: Error in connection establishment: net::ERR_CONNECTION_REFUSED @ http://localhost:3000/_next/static/chunks/0e4n_0edlwyp._.js:2044
