[     431ms] [INFO] %cDownload the React DevTools for a better development experience: https://react.dev/link/react-devtools font-weight:bold @ http://localhost:3000/_next/static/chunks/0e4n_next_dist_0fykpjn._.js:2431
[     446ms] [LOG] [HMR] connected @ http://localhost:3000/_next/static/chunks/0e4n_next_dist_0fykpjn._.js:2431
[     505ms] TypeError: Cannot read properties of undefined (reading 'doc')
    at createDecorations (http://localhost:3000/_next/static/chunks/0e4n_06-un~w._.js:21576:22)
    at Plugin.init (http://localhost:3000/_next/static/chunks/0e4n_06-un~w._.js:21622:24)
    at EditorState.reconfigure (http://localhost:3000/_next/static/chunks/0e4n_06-un~w._.js:8592:81)
    at Editor.createView (http://localhost:3000/_next/static/chunks/0e4n_%40tiptap_core_dist_0cw34ka._.js:5143:37)
    at Editor.mount (http://localhost:3000/_next/static/chunks/0e4n_%40tiptap_core_dist_0cw34ka._.js:4844:14)
    at new Editor (http://localhost:3000/_next/static/chunks/0e4n_%40tiptap_core_dist_0cw34ka._.js:4835:18)
    at _EditorInstanceManager.createEditor (http://localhost:3000/_next/static/chunks/0e4n_06-un~w._.js:11086:24)
    at _EditorInstanceManager.refreshEditorInstance (http://localhost:3000/_next/static/chunks/0e4n_06-un~w._.js:11182:29)
    at http://localhost:3000/_next/static/chunks/0e4n_06-un~w._.js:11158:22
    at Object.react_stack_bottom_frame (http://localhost:3000/_next/static/chunks/0e4n_next_dist_compiled_react-dom_08ibudp._.js:15087:22)
    at runWithFiberInDEV (http://localhost:3000/_next/static/chunks/0e4n_next_dist_compiled_react-dom_08ibudp._.js:965:74)
    at commitHookEffectListMount (http://localhost:3000/_next/static/chunks/0e4n_next_dist_compiled_react-dom_08ibudp._.js:7255:167)
    at commitHookPassiveMountEffects (http://localhost:3000/_next/static/chunks/0e4n_next_dist_compiled_react-dom_08ibudp._.js:7290:60)
    at commitPassiveMountOnFiber (http://localhost:3000/_next/static/chunks/0e4n_next_dist_compiled_react-dom_08ibudp._.js:8689:33)
    at recursivelyTraversePassiveMountEffects (http://localhost:3000/_next/static/chunks/0e4n_next_dist_compiled_react-dom_08ibudp._.js:8676:316)
    at commitPassiveMountOnFiber (http://localhost:3000/_next/static/chunks/0e4n_next_dist_compiled_react-dom_08ibudp._.js:8750:17)
    at recursivelyTraversePassiveMountEffects (http://localhost:3000/_next/static/chunks/0e4n_next_dist_compiled_react-dom_08ibudp._.js:8676:316)
    at commitPassiveMountOnFiber (http://localhost:3000/_next/static/chunks/0e4n_next_dist_compiled_react-dom_08ibudp._.js:8750:17)
    at recursivelyTraversePassiveMountEffects (http://localhost:3000/_next/static/chunks/0e4n_next_dist_compiled_react-dom_08ibudp._.js:8676:316)
    at commitPassiveMountOnFiber (http://localhost:3000/_next/static/chunks/0e4n_next_dist_compiled_react-dom_08ibudp._.js:8688:17)
    at recursivelyTraversePassiveMountEffects (http://localhost:3000/_next/static/chunks/0e4n_next_dist_compiled_react-dom_08ibudp._.js:8676:316)
    at commitPassiveMountOnFiber (http://localhost:3000/_next/static/chunks/0e4n_next_dist_compiled_react-dom_08ibudp._.js:8688:17)
    at recursivelyTraversePassiveMountEffects (http://localhost:3000/_next/static/chunks/0e4n_next_dist_compiled_react-dom_08ibudp._.js:8676:316)
    at commitPassiveMountOnFiber (http://localhost:3000/_next/static/chunks/0e4n_next_dist_compiled_react-dom_08ibudp._.js:8688:17)
    at recursivelyTraversePassiveMountEffects (http://localhost:3000/_next/static/chunks/0e4n_next_dist_compiled_react-dom_08ibudp._.js:8676:316)
    at commitPassiveMountOnFiber (http://localhost:3000/_next/static/chunks/0e4n_next_dist_compiled_react-dom_08ibudp._.js:8750:17)
    at recursivelyTraversePassiveMountEffects (http://localhost:3000/_next/static/chunks/0e4n_next_dist_compiled_react-dom_08ibudp._.js:8676:316)
    at commitPassiveMountOnFiber (http://localhost:3000/_next/static/chunks/0e4n_next_dist_compiled_react-dom_08ibudp._.js:8750:17)
    at recursivelyTraversePassiveMountEffects (http://localhost:3000/_next/static/chunks/0e4n_next_dist_compiled_react-dom_08ibudp._.js:8676:316)
    at commitPassiveMountOnFiber (http://localhost:3000/_next/static/chunks/0e4n_next_dist_compiled_react-dom_08ibudp._.js:8688:17)
    at recursivelyTraversePassiveMountEffects (http://localhost:3000/_next/static/chunks/0e4n_next_dist_compiled_react-dom_08ibudp._.js:8676:316)
    at commitPassiveMountOnFiber (http://localhost:3000/_next/static/chunks/0e4n_next_dist_compiled_react-dom_08ibudp._.js:8693:17)
    at recursivelyTraversePassiveMountEffects (http://localhost:3000/_next/static/chunks/0e4n_next_dist_compiled_react-dom_08ibudp._.js:8676:316)
    at commitPassiveMountOnFiber (http://localhost:3000/_next/static/chunks/0e4n_next_dist_compiled_react-dom_08ibudp._.js:8688:17)
    at recursivelyTraversePassiveMountEffects (http://localhost:3000/_next/static/chunks/0e4n_next_dist_compiled_react-dom_08ibudp._.js:8676:316)
    at commitPassiveMountOnFiber (http://localhost:3000/_next/static/chunks/0e4n_next_dist_compiled_react-dom_08ibudp._.js:8688:17)
    at recursivelyTraversePassiveMountEffects (http://localhost:3000/_next/static/chunks/0e4n_next_dist_compiled_react-dom_08ibudp._.js:8676:316)
    at commitPassiveMountOnFiber (http://localhost:3000/_next/static/chunks/0e4n_next_dist_compiled_react-dom_08ibudp._.js:8688:17)
    at recursivelyTraversePassiveMountEffects (http://localhost:3000/_next/static/chunks/0e4n_next_dist_compiled_react-dom_08ibudp._.js:8676:316)
    at commitPassiveMountOnFiber (http://localhost:3000/_next/static/chunks/0e4n_next_dist_compiled_react-dom_08ibudp._.js:8688:17)
    at recursivelyTraversePassiveMountEffects (http://localhost:3000/_next/static/chunks/0e4n_next_dist_compiled_react-dom_08ibudp._.js:8676:316)
    at commitPassiveMountOnFiber (http://localhost:3000/_next/static/chunks/0e4n_next_dist_compiled_react-dom_08ibudp._.js:8693:17)
    at recursivelyTraversePassiveMountEffects (http://localhost:3000/_next/static/chunks/0e4n_next_dist_compiled_react-dom_08ibudp._.js:8676:316)
    at commitPassiveMountOnFiber (http://localhost:3000/_next/static/chunks/0e4n_next_dist_compiled_react-dom_08ibudp._.js:8688:17)
    at recursivelyTraversePassiveMountEffects (http://localhost:3000/_next/static/chunks/0e4n_next_dist_compiled_react-dom_08ibudp._.js:8676:316)
    at commitPassiveMountOnFiber (http://localhost:3000/_next/static/chunks/0e4n_next_dist_compiled_react-dom_08ibudp._.js:8688:17)
    at recursivelyTraversePassiveMountEffects (http://localhost:3000/_next/static/chunks/0e4n_next_dist_compiled_react-dom_08ibudp._.js:8676:316)
    at commitPassiveMountOnFiber (http://localhost:3000/_next/static/chunks/0e4n_next_dist_compiled_react-dom_08ibudp._.js:8750:17)
    at recursivelyTraversePassiveMountEffects (http://localhost:3000/_next/static/chunks/0e4n_next_dist_compiled_react-dom_08ibudp._.js:8676:316)
    at commitPassiveMountOnFiber (http://localhost:3000/_next/static/chunks/0e4n_next_dist_compiled_react-dom_08ibudp._.js:8750:17)
[   20101ms] [LOG] [Fast Refresh] rebuilding @ http://localhost:3000/_next/static/chunks/0e4n_next_dist_0fykpjn._.js:2431
[   20229ms] [WARNING] [Fast Refresh] performing full reload because your application had an unrecoverable error @ http://localhost:3000/_next/static/chunks/0e4n_next_dist_0fykpjn._.js:2431
[   20304ms] [LOG] [Fast Refresh] done in 238ms @ http://localhost:3000/_next/static/chunks/0e4n_next_dist_0fykpjn._.js:2431
[   20341ms] [INFO] %cDownload the React DevTools for a better development experience: https://react.dev/link/react-devtools font-weight:bold @ http://localhost:3000/_next/static/chunks/0e4n_next_dist_0fykpjn._.js:2431
[   20355ms] [LOG] [HMR] connected @ http://localhost:3000/_next/static/chunks/0e4n_next_dist_0fykpjn._.js:2431
[   20439ms] ReferenceError: yCursorPlugin is not defined
    at Object.addProseMirrorPlugins (http://localhost:3000/_next/static/chunks/projects_markdown-collab_src_0~iza71._.js:169:9)
    at http://localhost:3000/_next/static/chunks/0e4n_%40tiptap_core_dist_0cw34ka._.js:3835:44
    at Array.flatMap (<anonymous>)
    at get plugins (http://localhost:3000/_next/static/chunks/0e4n_%40tiptap_core_dist_0cw34ka._.js:3775:39)
    at Editor.createView (http://localhost:3000/_next/static/chunks/0e4n_%40tiptap_core_dist_0cw34ka._.js:5144:44)
    at Editor.mount (http://localhost:3000/_next/static/chunks/0e4n_%40tiptap_core_dist_0cw34ka._.js:4844:14)
    at new Editor (http://localhost:3000/_next/static/chunks/0e4n_%40tiptap_core_dist_0cw34ka._.js:4835:18)
    at _EditorInstanceManager.createEditor (http://localhost:3000/_next/static/chunks/0e4n_0edlwyp._.js:11086:24)
    at _EditorInstanceManager.refreshEditorInstance (http://localhost:3000/_next/static/chunks/0e4n_0edlwyp._.js:11182:29)
    at http://localhost:3000/_next/static/chunks/0e4n_0edlwyp._.js:11158:22
    at Object.react_stack_bottom_frame (http://localhost:3000/_next/static/chunks/0e4n_next_dist_compiled_react-dom_08ibudp._.js:15087:22)
    at runWithFiberInDEV (http://localhost:3000/_next/static/chunks/0e4n_next_dist_compiled_react-dom_08ibudp._.js:965:74)
    at commitHookEffectListMount (http://localhost:3000/_next/static/chunks/0e4n_next_dist_compiled_react-dom_08ibudp._.js:7255:167)
    at commitHookPassiveMountEffects (http://localhost:3000/_next/static/chunks/0e4n_next_dist_compiled_react-dom_08ibudp._.js:7290:60)
    at commitPassiveMountOnFiber (http://localhost:3000/_next/static/chunks/0e4n_next_dist_compiled_react-dom_08ibudp._.js:8689:33)
    at recursivelyTraversePassiveMountEffects (http://localhost:3000/_next/static/chunks/0e4n_next_dist_compiled_react-dom_08ibudp._.js:8676:316)
    at commitPassiveMountOnFiber (http://localhost:3000/_next/static/chunks/0e4n_next_dist_compiled_react-dom_08ibudp._.js:8750:17)
    at recursivelyTraversePassiveMountEffects (http://localhost:3000/_next/static/chunks/0e4n_next_dist_compiled_react-dom_08ibudp._.js:8676:316)
    at commitPassiveMountOnFiber (http://localhost:3000/_next/static/chunks/0e4n_next_dist_compiled_react-dom_08ibudp._.js:8750:17)
    at recursivelyTraversePassiveMountEffects (http://localhost:3000/_next/static/chunks/0e4n_next_dist_compiled_react-dom_08ibudp._.js:8676:316)
    at commitPassiveMountOnFiber (http://localhost:3000/_next/static/chunks/0e4n_next_dist_compiled_react-dom_08ibudp._.js:8688:17)
    at recursivelyTraversePassiveMountEffects (http://localhost:3000/_next/static/chunks/0e4n_next_dist_compiled_react-dom_08ibudp._.js:8676:316)
    at commitPassiveMountOnFiber (http://localhost:3000/_next/static/chunks/0e4n_next_dist_compiled_react-dom_08ibudp._.js:8688:17)
    at recursivelyTraversePassiveMountEffects (http://localhost:3000/_next/static/chunks/0e4n_next_dist_compiled_react-dom_08ibudp._.js:8676:316)
    at commitPassiveMountOnFiber (http://localhost:3000/_next/static/chunks/0e4n_next_dist_compiled_react-dom_08ibudp._.js:8688:17)
    at recursivelyTraversePassiveMountEffects (http://localhost:3000/_next/static/chunks/0e4n_next_dist_compiled_react-dom_08ibudp._.js:8676:316)
    at commitPassiveMountOnFiber (http://localhost:3000/_next/static/chunks/0e4n_next_dist_compiled_react-dom_08ibudp._.js:8750:17)
    at recursivelyTraversePassiveMountEffects (http://localhost:3000/_next/static/chunks/0e4n_next_dist_compiled_react-dom_08ibudp._.js:8676:316)
    at commitPassiveMountOnFiber (http://localhost:3000/_next/static/chunks/0e4n_next_dist_compiled_react-dom_08ibudp._.js:8750:17)
    at recursivelyTraversePassiveMountEffects (http://localhost:3000/_next/static/chunks/0e4n_next_dist_compiled_react-dom_08ibudp._.js:8676:316)
    at commitPassiveMountOnFiber (http://localhost:3000/_next/static/chunks/0e4n_next_dist_compiled_react-dom_08ibudp._.js:8688:17)
    at recursivelyTraversePassiveMountEffects (http://localhost:3000/_next/static/chunks/0e4n_next_dist_compiled_react-dom_08ibudp._.js:8676:316)
    at commitPassiveMountOnFiber (http://localhost:3000/_next/static/chunks/0e4n_next_dist_compiled_react-dom_08ibudp._.js:8693:17)
    at recursivelyTraversePassiveMountEffects (http://localhost:3000/_next/static/chunks/0e4n_next_dist_compiled_react-dom_08ibudp._.js:8676:316)
    at commitPassiveMountOnFiber (http://localhost:3000/_next/static/chunks/0e4n_next_dist_compiled_react-dom_08ibudp._.js:8688:17)
    at recursivelyTraversePassiveMountEffects (http://localhost:3000/_next/static/chunks/0e4n_next_dist_compiled_react-dom_08ibudp._.js:8676:316)
    at commitPassiveMountOnFiber (http://localhost:3000/_next/static/chunks/0e4n_next_dist_compiled_react-dom_08ibudp._.js:8688:17)
    at recursivelyTraversePassiveMountEffects (http://localhost:3000/_next/static/chunks/0e4n_next_dist_compiled_react-dom_08ibudp._.js:8676:316)
    at commitPassiveMountOnFiber (http://localhost:3000/_next/static/chunks/0e4n_next_dist_compiled_react-dom_08ibudp._.js:8688:17)
    at recursivelyTraversePassiveMountEffects (http://localhost:3000/_next/static/chunks/0e4n_next_dist_compiled_react-dom_08ibudp._.js:8676:316)
    at commitPassiveMountOnFiber (http://localhost:3000/_next/static/chunks/0e4n_next_dist_compiled_react-dom_08ibudp._.js:8688:17)
    at recursivelyTraversePassiveMountEffects (http://localhost:3000/_next/static/chunks/0e4n_next_dist_compiled_react-dom_08ibudp._.js:8676:316)
    at commitPassiveMountOnFiber (http://localhost:3000/_next/static/chunks/0e4n_next_dist_compiled_react-dom_08ibudp._.js:8693:17)
    at recursivelyTraversePassiveMountEffects (http://localhost:3000/_next/static/chunks/0e4n_next_dist_compiled_react-dom_08ibudp._.js:8676:316)
    at commitPassiveMountOnFiber (http://localhost:3000/_next/static/chunks/0e4n_next_dist_compiled_react-dom_08ibudp._.js:8688:17)
    at recursivelyTraversePassiveMountEffects (http://localhost:3000/_next/static/chunks/0e4n_next_dist_compiled_react-dom_08ibudp._.js:8676:316)
    at commitPassiveMountOnFiber (http://localhost:3000/_next/static/chunks/0e4n_next_dist_compiled_react-dom_08ibudp._.js:8688:17)
    at recursivelyTraversePassiveMountEffects (http://localhost:3000/_next/static/chunks/0e4n_next_dist_compiled_react-dom_08ibudp._.js:8676:316)
    at commitPassiveMountOnFiber (http://localhost:3000/_next/static/chunks/0e4n_next_dist_compiled_react-dom_08ibudp._.js:8750:17)
    at recursivelyTraversePassiveMountEffects (http://localhost:3000/_next/static/chunks/0e4n_next_dist_compiled_react-dom_08ibudp._.js:8676:316)
[   28230ms] [LOG] [Fast Refresh] rebuilding @ http://localhost:3000/_next/static/chunks/0e4n_next_dist_0fykpjn._.js:2431
[   28231ms] [WARNING] [Fast Refresh] performing full reload because your application had an unrecoverable error @ http://localhost:3000/_next/static/chunks/0e4n_next_dist_0fykpjn._.js:2431
[   28260ms] [LOG] [Fast Refresh] done in 28ms @ http://localhost:3000/_next/static/chunks/0e4n_next_dist_0fykpjn._.js:2431
[   28341ms] [INFO] %cDownload the React DevTools for a better development experience: https://react.dev/link/react-devtools font-weight:bold @ http://localhost:3000/_next/static/chunks/0e4n_next_dist_0fykpjn._.js:2431
[   28353ms] [LOG] [HMR] connected @ http://localhost:3000/_next/static/chunks/0e4n_next_dist_0fykpjn._.js:2431
[   28404ms] ReferenceError: CustomCursorExtension is not defined
    at Editor (http://localhost:3000/_next/static/chunks/projects_markdown-collab_src_0~iza71._.js:211:13)
    at Object.react_stack_bottom_frame (http://localhost:3000/_next/static/chunks/0e4n_next_dist_compiled_react-dom_08ibudp._.js:15037:24)
    at renderWithHooks (http://localhost:3000/_next/static/chunks/0e4n_next_dist_compiled_react-dom_08ibudp._.js:4620:24)
    at updateFunctionComponent (http://localhost:3000/_next/static/chunks/0e4n_next_dist_compiled_react-dom_08ibudp._.js:6081:21)
    at beginWork (http://localhost:3000/_next/static/chunks/0e4n_next_dist_compiled_react-dom_08ibudp._.js:6691:24)
    at runWithFiberInDEV (http://localhost:3000/_next/static/chunks/0e4n_next_dist_compiled_react-dom_08ibudp._.js:965:74)
    at performUnitOfWork (http://localhost:3000/_next/static/chunks/0e4n_next_dist_compiled_react-dom_08ibudp._.js:9555:97)
    at workLoopSync (http://localhost:3000/_next/static/chunks/0e4n_next_dist_compiled_react-dom_08ibudp._.js:9449:40)
    at renderRootSync (http://localhost:3000/_next/static/chunks/0e4n_next_dist_compiled_react-dom_08ibudp._.js:9433:13)
    at performWorkOnRoot (http://localhost:3000/_next/static/chunks/0e4n_next_dist_compiled_react-dom_08ibudp._.js:9098:47)
    at performWorkOnRootViaSchedulerTask (http://localhost:3000/_next/static/chunks/0e4n_next_dist_compiled_react-dom_08ibudp._.js:10255:9)
    at MessagePort.performWorkUntilDeadline (http://localhost:3000/_next/static/chunks/0e4n_next_dist_compiled_0ly30~5._.js:2647:64)
[   33865ms] [LOG] [Fast Refresh] rebuilding @ http://localhost:3000/_next/static/chunks/0e4n_next_dist_0fykpjn._.js:2431
[   33865ms] [WARNING] [Fast Refresh] performing full reload because your application had an unrecoverable error @ http://localhost:3000/_next/static/chunks/0e4n_next_dist_0fykpjn._.js:2431
[   33895ms] [LOG] [Fast Refresh] done in 26ms @ http://localhost:3000/_next/static/chunks/0e4n_next_dist_0fykpjn._.js:2431
[   33958ms] [INFO] %cDownload the React DevTools for a better development experience: https://react.dev/link/react-devtools font-weight:bold @ http://localhost:3000/_next/static/chunks/0e4n_next_dist_0fykpjn._.js:2431
[   33969ms] [LOG] [HMR] connected @ http://localhost:3000/_next/static/chunks/0e4n_next_dist_0fykpjn._.js:2431
[   40256ms] [LOG] [Fast Refresh] rebuilding @ http://localhost:3000/_next/static/chunks/0e4n_next_dist_0fykpjn._.js:2431
[   40285ms] [LOG] [Fast Refresh] done in 35ms @ http://localhost:3000/_next/static/chunks/0e4n_next_dist_0fykpjn._.js:2431
[   46808ms] [ERROR] WebSocket connection to 'ws://localhost:3000/ws/6373c3ce-bcc7-4137-b5fe-9eb8b6b7efc1' failed:  @ http://localhost:3000/_next/static/chunks/0e4n_0edlwyp._.js:2044
[   46808ms] [ERROR] WebSocket connection to 'ws://localhost:3000/_next/webpack-hmr?id=-3AsybHVWKmVYMPFmXByq' failed:  @ http://localhost:3000/_next/static/chunks/0e4n_next_dist_client_019p-hn._.js:13299
[   46808ms] [ERROR] WebSocket connection to 'ws://localhost:3000/ws/6373c3ce-bcc7-4137-b5fe-9eb8b6b7efc1' failed:  @ http://localhost:3000/_next/static/chunks/0e4n_0edlwyp._.js:2044
[   46921ms] [ERROR] WebSocket connection to 'ws://localhost:3000/ws/6373c3ce-bcc7-4137-b5fe-9eb8b6b7efc1' failed: Error in connection establishment: net::ERR_CONNECTION_REFUSED @ http://localhost:3000/_next/static/chunks/0e4n_0edlwyp._.js:2044
[   46933ms] [ERROR] WebSocket connection to 'ws://localhost:3000/ws/6373c3ce-bcc7-4137-b5fe-9eb8b6b7efc1' failed: Error in connection establishment: net::ERR_CONNECTION_REFUSED @ http://localhost:3000/_next/static/chunks/0e4n_0edlwyp._.js:2044
[   47133ms] [ERROR] WebSocket connection to 'ws://localhost:3000/ws/6373c3ce-bcc7-4137-b5fe-9eb8b6b7efc1' failed: Error in connection establishment: net::ERR_CONNECTION_REFUSED @ http://localhost:3000/_next/static/chunks/0e4n_0edlwyp._.js:2044
[   47145ms] [ERROR] WebSocket connection to 'ws://localhost:3000/ws/6373c3ce-bcc7-4137-b5fe-9eb8b6b7efc1' failed: Error in connection establishment: net::ERR_CONNECTION_REFUSED @ http://localhost:3000/_next/static/chunks/0e4n_0edlwyp._.js:2044
[   47547ms] [ERROR] WebSocket connection to 'ws://localhost:3000/ws/6373c3ce-bcc7-4137-b5fe-9eb8b6b7efc1' failed: Error in connection establishment: net::ERR_CONNECTION_REFUSED @ http://localhost:3000/_next/static/chunks/0e4n_0edlwyp._.js:2044
[   47558ms] [ERROR] WebSocket connection to 'ws://localhost:3000/ws/6373c3ce-bcc7-4137-b5fe-9eb8b6b7efc1' failed: Error in connection establishment: net::ERR_CONNECTION_REFUSED @ http://localhost:3000/_next/static/chunks/0e4n_0edlwyp._.js:2044
[   47833ms] [ERROR] WebSocket connection to 'ws://localhost:3000/_next/webpack-hmr?id=-3AsybHVWKmVYMPFmXByq' failed: Error in connection establishment: net::ERR_CONNECTION_REFUSED @ http://localhost:3000/_next/static/chunks/0e4n_next_dist_client_019p-hn._.js:13299
[   48375ms] [ERROR] WebSocket connection to 'ws://localhost:3000/ws/6373c3ce-bcc7-4137-b5fe-9eb8b6b7efc1' failed: Error in connection establishment: net::ERR_CONNECTION_REFUSED @ http://localhost:3000/_next/static/chunks/0e4n_0edlwyp._.js:2044
[   48399ms] [ERROR] WebSocket connection to 'ws://localhost:3000/ws/6373c3ce-bcc7-4137-b5fe-9eb8b6b7efc1' failed: Error in connection establishment: net::ERR_CONNECTION_REFUSED @ http://localhost:3000/_next/static/chunks/0e4n_0edlwyp._.js:2044
